<testsuites id="" name="" tests="3" failures="0" skipped="0" errors="0" time="6.398236000061035">
<testsuite name="dekanatAnwesenheit.spec.js" timestamp="1673441372534" hostname="" tests="1" failures="0" skipped="0" time="3.279" errors="0">
<testcase name="go to attendance with dekanat" classname="[chromium] › dekanatAnwesenheit.spec.js › go to attendance with dekanat" time="3.279">
</testcase>
</testsuite>
<testsuite name="dekanatAnwesenheit.spec.js" timestamp="1673441372534" hostname="" tests="1" failures="0" skipped="0" time="3.563" errors="0">
<testcase name="go to attendance with dekanat" classname="[firefox] › dekanatAnwesenheit.spec.js › go to attendance with dekanat" time="3.563">
</testcase>
</testsuite>
<testsuite name="dekanatAnwesenheit.spec.js" timestamp="1673441372534" hostname="" tests="1" failures="0" skipped="0" time="3.272" errors="0">
<testcase name="go to attendance with dekanat" classname="[webkit] › dekanatAnwesenheit.spec.js › go to attendance with dekanat" time="3.272">
</testcase>
</testsuite>
</testsuites>