<testsuites id="" name="" tests="6" failures="0" skipped="0" errors="0" time="23.227471000194548">
<testsuite name="loginAccounts.spec.js" timestamp="1673607052245" hostname="" tests="3" failures="0" skipped="0" time="38.318" errors="0">
<testcase name="login with student test account" classname="[chromium] › loginAccounts.spec.js › login with student test account" time="12.486">
<system-out>
<![CDATA[
[[ATTACHMENT|../test-results/loginAccounts-login-with-student-test-account-chromium/video.webm]]
]]>
</system-out>
</testcase>
<testcase name="login with dozent test account" classname="[chromium] › loginAccounts.spec.js › login with dozent test account" time="12.901">
<system-out>
<![CDATA[
[[ATTACHMENT|../test-results/loginAccounts-login-with-dozent-test-account-chromium/video.webm]]
]]>
</system-out>
</testcase>
<testcase name="login with dekanat test account" classname="[chromium] › loginAccounts.spec.js › login with dekanat test account" time="12.931">
<system-out>
<![CDATA[
[[ATTACHMENT|../test-results/loginAccounts-login-with-dekanat-test-account-chromium/video.webm]]
]]>
</system-out>
</testcase>
</testsuite>
<testsuite name="loginAccounts.spec.js" timestamp="1673607052245" hostname="" tests="3" failures="0" skipped="0" time="23.393" errors="0">
<testcase name="login with student test account" classname="[firefox] › loginAccounts.spec.js › login with student test account" time="11.359">
<system-out>
<![CDATA[
[[ATTACHMENT|../test-results/loginAccounts-login-with-student-test-account-firefox/video.webm]]
]]>
</system-out>
</testcase>
<testcase name="login with dozent test account" classname="[firefox] › loginAccounts.spec.js › login with dozent test account" time="6.159">
<system-out>
<![CDATA[
[[ATTACHMENT|../test-results/loginAccounts-login-with-dozent-test-account-firefox/video.webm]]
]]>
</system-out>
</testcase>
<testcase name="login with dekanat test account" classname="[firefox] › loginAccounts.spec.js › login with dekanat test account" time="5.875">
<system-out>
<![CDATA[
[[ATTACHMENT|../test-results/loginAccounts-login-with-dekanat-test-account-firefox/video.webm]]
]]>
</system-out>
</testcase>
</testsuite>
</testsuites>