<testsuites id="" name="" tests="39" failures="0" skipped="0" errors="0" time="14.708184000000358">
<testsuite name="example.spec.js" timestamp="1671100790379" hostname="" tests="13" failures="0" skipped="0" time="15.937" errors="0">
<testcase name="navbar contains title, logo and links to intro page" classname="[chromium] › example.spec.js › navbar contains title, logo and links to intro page" time="1.338">
</testcase>
<testcase name="footer contains correct text and links to corresponding pages" classname="[chromium] › example.spec.js › footer contains correct text and links to corresponding pages" time="1.76">
</testcase>
<testcase name="login-form is correctly displayed for students, teachers and admins  " classname="[chromium] › example.spec.js › login-form is correctly displayed for students, teachers and admins  " time="1.458">
</testcase>
<testcase name="student login-form contains all the elements and link to the right page" classname="[chromium] › example.spec.js › student login-form contains all the elements and link to the right page" time="1.66">
</testcase>
<testcase name="teacher login-form contains all the elements and link to the right page" classname="[chromium] › example.spec.js › teacher login-form contains all the elements and link to the right page" time="1.32">
</testcase>
<testcase name="admin login-form contains all the elements and link to the right page" classname="[chromium] › example.spec.js › admin login-form contains all the elements and link to the right page" time="1.183">
</testcase>
<testcase name="student dashboard navbar contains title, logo and links to intro page" classname="[chromium] › example.spec.js › student dashboard navbar contains title, logo and links to intro page" time="0.805">
</testcase>
<testcase name="student dashboard contains the right text and links to the corresponding pages" classname="[chromium] › example.spec.js › student dashboard contains the right text and links to the corresponding pages" time="1.203">
</testcase>
<testcase name="student dashboard footer contains the right text and links to the corresponding pages" classname="[chromium] › example.spec.js › student dashboard footer contains the right text and links to the corresponding pages" time="1.177">
</testcase>
<testcase name="teacher dashboard navbar contains title, logo and links to intro page" classname="[chromium] › example.spec.js › teacher dashboard navbar contains title, logo and links to intro page" time="0.755">
</testcase>
<testcase name="teacher dashboard contains the right text and links to the corresponding pages" classname="[chromium] › example.spec.js › teacher dashboard contains the right text and links to the corresponding pages" time="1.061">
</testcase>
<testcase name="teacher dashboard footer contains the right text and links to the corresponding pages" classname="[chromium] › example.spec.js › teacher dashboard footer contains the right text and links to the corresponding pages" time="1.203">
</testcase>
<testcase name="admin dashboard contains the right text and links to the corresponding pages" classname="[chromium] › example.spec.js › admin dashboard contains the right text and links to the corresponding pages" time="1.014">
</testcase>
</testsuite>
<testsuite name="example.spec.js" timestamp="1671100790379" hostname="" tests="13" failures="0" skipped="0" time="20.607" errors="0">
<testcase name="navbar contains title, logo and links to intro page" classname="[firefox] › example.spec.js › navbar contains title, logo and links to intro page" time="1.771">
</testcase>
<testcase name="footer contains correct text and links to corresponding pages" classname="[firefox] › example.spec.js › footer contains correct text and links to corresponding pages" time="2.503">
</testcase>
<testcase name="login-form is correctly displayed for students, teachers and admins  " classname="[firefox] › example.spec.js › login-form is correctly displayed for students, teachers and admins  " time="2.311">
</testcase>
<testcase name="student login-form contains all the elements and link to the right page" classname="[firefox] › example.spec.js › student login-form contains all the elements and link to the right page" time="2.7">
</testcase>
<testcase name="teacher login-form contains all the elements and link to the right page" classname="[firefox] › example.spec.js › teacher login-form contains all the elements and link to the right page" time="1.711">
</testcase>
<testcase name="admin login-form contains all the elements and link to the right page" classname="[firefox] › example.spec.js › admin login-form contains all the elements and link to the right page" time="1.639">
</testcase>
<testcase name="student dashboard navbar contains title, logo and links to intro page" classname="[firefox] › example.spec.js › student dashboard navbar contains title, logo and links to intro page" time="0.965">
</testcase>
<testcase name="student dashboard contains the right text and links to the corresponding pages" classname="[firefox] › example.spec.js › student dashboard contains the right text and links to the corresponding pages" time="1.218">
</testcase>
<testcase name="student dashboard footer contains the right text and links to the corresponding pages" classname="[firefox] › example.spec.js › student dashboard footer contains the right text and links to the corresponding pages" time="1.273">
</testcase>
<testcase name="teacher dashboard navbar contains title, logo and links to intro page" classname="[firefox] › example.spec.js › teacher dashboard navbar contains title, logo and links to intro page" time="0.764">
</testcase>
<testcase name="teacher dashboard contains the right text and links to the corresponding pages" classname="[firefox] › example.spec.js › teacher dashboard contains the right text and links to the corresponding pages" time="1.319">
</testcase>
<testcase name="teacher dashboard footer contains the right text and links to the corresponding pages" classname="[firefox] › example.spec.js › teacher dashboard footer contains the right text and links to the corresponding pages" time="1.205">
</testcase>
<testcase name="admin dashboard contains the right text and links to the corresponding pages" classname="[firefox] › example.spec.js › admin dashboard contains the right text and links to the corresponding pages" time="1.228">
</testcase>
</testsuite>
<testsuite name="example.spec.js" timestamp="1671100790379" hostname="" tests="13" failures="0" skipped="0" time="11.827" errors="0">
<testcase name="navbar contains title, logo and links to intro page" classname="[webkit] › example.spec.js › navbar contains title, logo and links to intro page" time="0.815">
</testcase>
<testcase name="footer contains correct text and links to corresponding pages" classname="[webkit] › example.spec.js › footer contains correct text and links to corresponding pages" time="1.03">
</testcase>
<testcase name="login-form is correctly displayed for students, teachers and admins  " classname="[webkit] › example.spec.js › login-form is correctly displayed for students, teachers and admins  " time="0.758">
</testcase>
<testcase name="student login-form contains all the elements and link to the right page" classname="[webkit] › example.spec.js › student login-form contains all the elements and link to the right page" time="0.909">
</testcase>
<testcase name="teacher login-form contains all the elements and link to the right page" classname="[webkit] › example.spec.js › teacher login-form contains all the elements and link to the right page" time="0.983">
</testcase>
<testcase name="admin login-form contains all the elements and link to the right page" classname="[webkit] › example.spec.js › admin login-form contains all the elements and link to the right page" time="0.926">
</testcase>
<testcase name="student dashboard navbar contains title, logo and links to intro page" classname="[webkit] › example.spec.js › student dashboard navbar contains title, logo and links to intro page" time="0.675">
</testcase>
<testcase name="student dashboard contains the right text and links to the corresponding pages" classname="[webkit] › example.spec.js › student dashboard contains the right text and links to the corresponding pages" time="1.054">
</testcase>
<testcase name="student dashboard footer contains the right text and links to the corresponding pages" classname="[webkit] › example.spec.js › student dashboard footer contains the right text and links to the corresponding pages" time="1.023">
</testcase>
<testcase name="teacher dashboard navbar contains title, logo and links to intro page" classname="[webkit] › example.spec.js › teacher dashboard navbar contains title, logo and links to intro page" time="0.654">
</testcase>
<testcase name="teacher dashboard contains the right text and links to the corresponding pages" classname="[webkit] › example.spec.js › teacher dashboard contains the right text and links to the corresponding pages" time="1.074">
</testcase>
<testcase name="teacher dashboard footer contains the right text and links to the corresponding pages" classname="[webkit] › example.spec.js › teacher dashboard footer contains the right text and links to the corresponding pages" time="0.845">
</testcase>
<testcase name="admin dashboard contains the right text and links to the corresponding pages" classname="[webkit] › example.spec.js › admin dashboard contains the right text and links to the corresponding pages" time="1.081">
</testcase>
</testsuite>
</testsuites>