<testsuites id="" name="" tests="6" failures="0" skipped="0" errors="0" time="23.478884000003337">
<testsuite name="dozentRedirect.spec.js" timestamp="1674210677539" hostname="" tests="2" failures="0" skipped="0" time="6.678" errors="0">
<testcase name="redirections check with dozent" classname="[chromium] › dozentRedirect.spec.js › redirections check with dozent" time="3.629">
<system-out>
<![CDATA[
[[ATTACHMENT|../test-results/dozentRedirect-redirections-check-with-dozent-chromium/video.webm]]
]]>
</system-out>
</testcase>
<testcase name="redirections check with dozent sandwichMenu" classname="[chromium] › dozentRedirect.spec.js › redirections check with dozent sandwichMenu" time="3.049">
<system-out>
<![CDATA[
[[ATTACHMENT|../test-results/dozentRedirect-redirections-check-with-dozent-sandwichMenu-chromium/video.webm]]
]]>
</system-out>
</testcase>
</testsuite>
<testsuite name="dozentRedirect.spec.js" timestamp="1674210677539" hostname="" tests="2" failures="0" skipped="0" time="6.775" errors="0">
<testcase name="redirections check with dozent" classname="[firefox] › dozentRedirect.spec.js › redirections check with dozent" time="3.716">
<system-out>
<![CDATA[
[[ATTACHMENT|../test-results/dozentRedirect-redirections-check-with-dozent-firefox/video.webm]]
]]>
</system-out>
</testcase>
<testcase name="redirections check with dozent sandwichMenu" classname="[firefox] › dozentRedirect.spec.js › redirections check with dozent sandwichMenu" time="3.059">
<system-out>
<![CDATA[
[[ATTACHMENT|../test-results/dozentRedirect-redirections-check-with-dozent-sandwichMenu-firefox/video.webm]]
]]>
</system-out>
</testcase>
</testsuite>
<testsuite name="dozentRedirect.spec.js" timestamp="1674210677539" hostname="" tests="2" failures="0" skipped="0" time="6.538" errors="0">
<testcase name="redirections check with dozent" classname="[webkit] › dozentRedirect.spec.js › redirections check with dozent" time="3.403">
<system-out>
<![CDATA[
[[ATTACHMENT|../test-results/dozentRedirect-redirections-check-with-dozent-webkit/video.webm]]
]]>
</system-out>
</testcase>
<testcase name="redirections check with dozent sandwichMenu" classname="[webkit] › dozentRedirect.spec.js › redirections check with dozent sandwichMenu" time="3.135">
<system-out>
<![CDATA[
[[ATTACHMENT|../test-results/dozentRedirect-redirections-check-with-dozent-sandwichMenu-webkit/video.webm]]
]]>
</system-out>
</testcase>
</testsuite>
</testsuites>