<testsuites id="" name="" tests="18" failures="18" skipped="0" errors="0" time="81.95333000016213">
<testsuite name="loginAccounts.spec.js" timestamp="1673013276933" hostname="" tests="3" failures="3" skipped="0" time="45.002" errors="0">
<testcase name="login with student test account" classname="[chromium] › loginAccounts.spec.js › login with student test account" time="15.001">
<failure message="loginAccounts.spec.js:8:1 login with student test account" type="FAILURE">
<![CDATA[  [chromium] › loginAccounts.spec.js:8:1 › login with student test account =========================

    Test timeout of 15000ms exceeded.

    locator.click: Target closed
    =========================== logs ===========================
    waiting for getByPlaceholder('mmuster1 / mmuster1@test.de ')
    ============================================================

       8 | test('login with student test account', async ({ page }) => {
       9 |   await page.goto('https://fe9e-134-95-7-150.eu.ngrok.io');
    > 10 |   await page.getByPlaceholder('mmuster1 / mmuster1@test.de ').click();
         |                                                               ^
      11 |   await page.getByPlaceholder('mmuster1 / mmuster1@test.de ').type('studierende@test.de');
      12 |   await page.getByPlaceholder('Passwort').click();
      13 |   await page.getByPlaceholder('Passwort').type('123test');

        at /Users/jonaswetzel/Desktop/Capstone/scida/tests/loginAccounts.spec.js:10:63

    Pending operations:
      - locator.click at tests/loginAccounts.spec.js:10:63

]]>
</failure>
</testcase>
<testcase name="login with dozent test account" classname="[chromium] › loginAccounts.spec.js › login with dozent test account" time="15">
<failure message="loginAccounts.spec.js:19:1 login with dozent test account" type="FAILURE">
<![CDATA[  [chromium] › loginAccounts.spec.js:19:1 › login with dozent test account =========================

    Test timeout of 15000ms exceeded.

    locator.click: Target closed
    =========================== logs ===========================
    waiting for getByPlaceholder('mmuster1 / mmuster1@test.de ')
    ============================================================

      19 | test('login with dozent test account', async ({ page }) => {
      20 |   await page.goto('https://fe9e-134-95-7-150.eu.ngrok.io');
    > 21 |   await page.getByPlaceholder('mmuster1 / mmuster1@test.de ').click();
         |                                                               ^
      22 |   await page.getByPlaceholder('mmuster1 / mmuster1@test.de ').type('dozierende@test.de');
      23 |   await page.getByPlaceholder('Passwort').click();
      24 |   await page.getByPlaceholder('Passwort').type('123test');

        at /Users/jonaswetzel/Desktop/Capstone/scida/tests/loginAccounts.spec.js:21:63

    Pending operations:
      - locator.click at tests/loginAccounts.spec.js:21:63

]]>
</failure>
</testcase>
<testcase name="login with dekanat test account" classname="[chromium] › loginAccounts.spec.js › login with dekanat test account" time="15.001">
<failure message="loginAccounts.spec.js:30:1 login with dekanat test account" type="FAILURE">
<![CDATA[  [chromium] › loginAccounts.spec.js:30:1 › login with dekanat test account ========================

    Test timeout of 15000ms exceeded.

    locator.click: Target closed
    =========================== logs ===========================
    waiting for getByPlaceholder('mmuster1 / mmuster1@test.de ')
    ============================================================

      30 | test('login with dekanat test account', async ({ page }) => {
      31 |   await page.goto('https://fe9e-134-95-7-150.eu.ngrok.io');
    > 32 |   await page.getByPlaceholder('mmuster1 / mmuster1@test.de ').click();
         |                                                               ^
      33 |   await page.getByPlaceholder('mmuster1 / mmuster1@test.de ').type('dekanat@test.de');
      34 |   await page.getByPlaceholder('Passwort').click();
      35 |   await page.getByPlaceholder('Passwort').type('123test');

        at /Users/jonaswetzel/Desktop/Capstone/scida/tests/loginAccounts.spec.js:32:63

    Pending operations:
      - locator.click at tests/loginAccounts.spec.js:32:63

]]>
</failure>
</testcase>
</testsuite>
<testsuite name="loginPage.spec.js" timestamp="1673013276933" hostname="" tests="3" failures="3" skipped="0" time="45.002" errors="0">
<testcase name="navbar contains title, logo and links to intro page" classname="[chromium] › loginPage.spec.js › navbar contains title, logo and links to intro page" time="15">
<failure message="loginPage.spec.js:9:1 navbar contains title, logo and links to intro page" type="FAILURE">
<![CDATA[  [chromium] › loginPage.spec.js:9:1 › navbar contains title, logo and links to intro page =========

    Test timeout of 15000ms exceeded.

    locator.click: Target closed
    =========================== logs ===========================
    waiting for getByRole('link', { name: 'Scida Medizinische Fakultät - Universität zu Köln' })
    ============================================================

      12 |   await page.goto("https://fe9e-134-95-7-150.eu.ngrok.io");
      13 |   await page.getByRole("img").click();
    > 14 |   await page.getByRole("link", {name: "Scida Medizinische Fakultät - Universität zu Köln",}).click();
         |                                                                                              ^
      15 |   await page.getByTestId('navbar').click();
      16 | });
      17 |

        at /Users/jonaswetzel/Desktop/Capstone/scida/tests/loginPage.spec.js:14:94

    Pending operations:
      - locator.click at tests/loginPage.spec.js:14:94

]]>
</failure>
</testcase>
<testcase name="footer contains correct text and links to corresponding pages" classname="[chromium] › loginPage.spec.js › footer contains correct text and links to corresponding pages" time="15.001">
<failure message="loginPage.spec.js:18:1 footer contains correct text and links to corresponding pages" type="FAILURE">
<![CDATA[  [chromium] › loginPage.spec.js:18:1 › footer contains correct text and links to corresponding pages 

    Test timeout of 15000ms exceeded.

    locator.click: Target closed
    =========================== logs ===========================
    waiting for getByText('© 2022 Scida. Alle Rechte vorbehalten.')
    ============================================================

      21 |   await page.goto("https://fe9e-134-95-7-150.eu.ngrok.io");
      22 |   await page.getByRole("contentinfo").click();
    > 23 |   await page.getByText("© 2022 Scida. Alle Rechte vorbehalten.").click();
         |                                                                  ^
      24 |   await page.getByText("|").first().click();
      25 |   await page.getByRole('link', { name: 'Support' }).click();
      26 |   await page.getByText("|").nth(1).click();

        at /Users/jonaswetzel/Desktop/Capstone/scida/tests/loginPage.spec.js:23:66

    Pending operations:
      - locator.click at tests/loginPage.spec.js:23:66

]]>
</failure>
</testcase>
<testcase name="login window contains all components" classname="[chromium] › loginPage.spec.js › login window contains all components" time="15.001">
<failure message="loginPage.spec.js:32:1 login window contains all components" type="FAILURE">
<![CDATA[  [chromium] › loginPage.spec.js:32:1 › login window contains all components =======================

    Test timeout of 15000ms exceeded.

    locator.click: Target closed
    =========================== logs ===========================
    waiting for getByText('Benutzername / Email')
    ============================================================

      34 |   }) => {
      35 |     await page.goto("https://fe9e-134-95-7-150.eu.ngrok.io");
    > 36 |     await page.getByText('Benutzername / Email').click();
         |                                                  ^
      37 |     await page.getByPlaceholder('mmuster1 / mmuster1@test.de ').click();
      38 |     await page.getByPlaceholder('Passwort').click();
      39 |     await page.getByRole('link', { name: 'Passwort vergessen?' }).click();

        at /Users/jonaswetzel/Desktop/Capstone/scida/tests/loginPage.spec.js:36:50

    Pending operations:
      - locator.click at tests/loginPage.spec.js:36:50

]]>
</failure>
</testcase>
</testsuite>
<testsuite name="loginAccounts.spec.js" timestamp="1673013276933" hostname="" tests="3" failures="3" skipped="0" time="44.998" errors="0">
<testcase name="login with student test account" classname="[firefox] › loginAccounts.spec.js › login with student test account" time="15">
<failure message="loginAccounts.spec.js:8:1 login with student test account" type="FAILURE">
<![CDATA[  [firefox] › loginAccounts.spec.js:8:1 › login with student test account ==========================

    Test timeout of 15000ms exceeded.

    locator.click: Target closed
    =========================== logs ===========================
    waiting for getByPlaceholder('mmuster1 / mmuster1@test.de ')
    ============================================================

       8 | test('login with student test account', async ({ page }) => {
       9 |   await page.goto('https://fe9e-134-95-7-150.eu.ngrok.io');
    > 10 |   await page.getByPlaceholder('mmuster1 / mmuster1@test.de ').click();
         |                                                               ^
      11 |   await page.getByPlaceholder('mmuster1 / mmuster1@test.de ').type('studierende@test.de');
      12 |   await page.getByPlaceholder('Passwort').click();
      13 |   await page.getByPlaceholder('Passwort').type('123test');

        at /Users/jonaswetzel/Desktop/Capstone/scida/tests/loginAccounts.spec.js:10:63

    Pending operations:
      - locator.click at tests/loginAccounts.spec.js:10:63

]]>
</failure>
</testcase>
<testcase name="login with dozent test account" classname="[firefox] › loginAccounts.spec.js › login with dozent test account" time="14.999">
<failure message="loginAccounts.spec.js:19:1 login with dozent test account" type="FAILURE">
<![CDATA[  [firefox] › loginAccounts.spec.js:19:1 › login with dozent test account ==========================

    Test timeout of 15000ms exceeded.

    locator.click: Target closed
    =========================== logs ===========================
    waiting for getByPlaceholder('mmuster1 / mmuster1@test.de ')
    ============================================================

      19 | test('login with dozent test account', async ({ page }) => {
      20 |   await page.goto('https://fe9e-134-95-7-150.eu.ngrok.io');
    > 21 |   await page.getByPlaceholder('mmuster1 / mmuster1@test.de ').click();
         |                                                               ^
      22 |   await page.getByPlaceholder('mmuster1 / mmuster1@test.de ').type('dozierende@test.de');
      23 |   await page.getByPlaceholder('Passwort').click();
      24 |   await page.getByPlaceholder('Passwort').type('123test');

        at /Users/jonaswetzel/Desktop/Capstone/scida/tests/loginAccounts.spec.js:21:63

    Pending operations:
      - locator.click at tests/loginAccounts.spec.js:21:63

]]>
</failure>
</testcase>
<testcase name="login with dekanat test account" classname="[firefox] › loginAccounts.spec.js › login with dekanat test account" time="14.999">
<failure message="loginAccounts.spec.js:30:1 login with dekanat test account" type="FAILURE">
<![CDATA[  [firefox] › loginAccounts.spec.js:30:1 › login with dekanat test account =========================

    Test timeout of 15000ms exceeded.

    locator.click: Target closed
    =========================== logs ===========================
    waiting for getByPlaceholder('mmuster1 / mmuster1@test.de ')
    ============================================================

      30 | test('login with dekanat test account', async ({ page }) => {
      31 |   await page.goto('https://fe9e-134-95-7-150.eu.ngrok.io');
    > 32 |   await page.getByPlaceholder('mmuster1 / mmuster1@test.de ').click();
         |                                                               ^
      33 |   await page.getByPlaceholder('mmuster1 / mmuster1@test.de ').type('dekanat@test.de');
      34 |   await page.getByPlaceholder('Passwort').click();
      35 |   await page.getByPlaceholder('Passwort').type('123test');

        at /Users/jonaswetzel/Desktop/Capstone/scida/tests/loginAccounts.spec.js:32:63

    Pending operations:
      - locator.click at tests/loginAccounts.spec.js:32:63

]]>
</failure>
</testcase>
</testsuite>
<testsuite name="loginPage.spec.js" timestamp="1673013276933" hostname="" tests="3" failures="3" skipped="0" time="45.001" errors="0">
<testcase name="navbar contains title, logo and links to intro page" classname="[firefox] › loginPage.spec.js › navbar contains title, logo and links to intro page" time="15.001">
<failure message="loginPage.spec.js:9:1 navbar contains title, logo and links to intro page" type="FAILURE">
<![CDATA[  [firefox] › loginPage.spec.js:9:1 › navbar contains title, logo and links to intro page ==========

    Test timeout of 15000ms exceeded.

    locator.click: Target closed
    =========================== logs ===========================
    waiting for getByRole('link', { name: 'Scida Medizinische Fakultät - Universität zu Köln' })
    ============================================================

      12 |   await page.goto("https://fe9e-134-95-7-150.eu.ngrok.io");
      13 |   await page.getByRole("img").click();
    > 14 |   await page.getByRole("link", {name: "Scida Medizinische Fakultät - Universität zu Köln",}).click();
         |                                                                                              ^
      15 |   await page.getByTestId('navbar').click();
      16 | });
      17 |

        at /Users/jonaswetzel/Desktop/Capstone/scida/tests/loginPage.spec.js:14:94

    Pending operations:
      - locator.click at tests/loginPage.spec.js:14:94

]]>
</failure>
</testcase>
<testcase name="footer contains correct text and links to corresponding pages" classname="[firefox] › loginPage.spec.js › footer contains correct text and links to corresponding pages" time="15">
<failure message="loginPage.spec.js:18:1 footer contains correct text and links to corresponding pages" type="FAILURE">
<![CDATA[  [firefox] › loginPage.spec.js:18:1 › footer contains correct text and links to corresponding pages 

    Test timeout of 15000ms exceeded.

    locator.click: Target closed
    =========================== logs ===========================
    waiting for getByText('© 2022 Scida. Alle Rechte vorbehalten.')
    ============================================================

      21 |   await page.goto("https://fe9e-134-95-7-150.eu.ngrok.io");
      22 |   await page.getByRole("contentinfo").click();
    > 23 |   await page.getByText("© 2022 Scida. Alle Rechte vorbehalten.").click();
         |                                                                  ^
      24 |   await page.getByText("|").first().click();
      25 |   await page.getByRole('link', { name: 'Support' }).click();
      26 |   await page.getByText("|").nth(1).click();

        at /Users/jonaswetzel/Desktop/Capstone/scida/tests/loginPage.spec.js:23:66

    Pending operations:
      - locator.click at tests/loginPage.spec.js:23:66

]]>
</failure>
</testcase>
<testcase name="login window contains all components" classname="[firefox] › loginPage.spec.js › login window contains all components" time="15">
<failure message="loginPage.spec.js:32:1 login window contains all components" type="FAILURE">
<![CDATA[  [firefox] › loginPage.spec.js:32:1 › login window contains all components ========================

    Test timeout of 15000ms exceeded.

    locator.click: Target closed
    =========================== logs ===========================
    waiting for getByText('Benutzername / Email')
    ============================================================

      34 |   }) => {
      35 |     await page.goto("https://fe9e-134-95-7-150.eu.ngrok.io");
    > 36 |     await page.getByText('Benutzername / Email').click();
         |                                                  ^
      37 |     await page.getByPlaceholder('mmuster1 / mmuster1@test.de ').click();
      38 |     await page.getByPlaceholder('Passwort').click();
      39 |     await page.getByRole('link', { name: 'Passwort vergessen?' }).click();

        at /Users/jonaswetzel/Desktop/Capstone/scida/tests/loginPage.spec.js:36:50

    Pending operations:
      - locator.click at tests/loginPage.spec.js:36:50

]]>
</failure>
</testcase>
</testsuite>
<testsuite name="loginAccounts.spec.js" timestamp="1673013276933" hostname="" tests="3" failures="3" skipped="0" time="45.001" errors="0">
<testcase name="login with student test account" classname="[webkit] › loginAccounts.spec.js › login with student test account" time="14.999">
<failure message="loginAccounts.spec.js:8:1 login with student test account" type="FAILURE">
<![CDATA[  [webkit] › loginAccounts.spec.js:8:1 › login with student test account ===========================

    Test timeout of 15000ms exceeded.

    locator.click: Target closed
    =========================== logs ===========================
    waiting for getByPlaceholder('mmuster1 / mmuster1@test.de ')
    ============================================================

       8 | test('login with student test account', async ({ page }) => {
       9 |   await page.goto('https://fe9e-134-95-7-150.eu.ngrok.io');
    > 10 |   await page.getByPlaceholder('mmuster1 / mmuster1@test.de ').click();
         |                                                               ^
      11 |   await page.getByPlaceholder('mmuster1 / mmuster1@test.de ').type('studierende@test.de');
      12 |   await page.getByPlaceholder('Passwort').click();
      13 |   await page.getByPlaceholder('Passwort').type('123test');

        at /Users/jonaswetzel/Desktop/Capstone/scida/tests/loginAccounts.spec.js:10:63

    Pending operations:
      - locator.click at tests/loginAccounts.spec.js:10:63

]]>
</failure>
</testcase>
<testcase name="login with dozent test account" classname="[webkit] › loginAccounts.spec.js › login with dozent test account" time="15.001">
<failure message="loginAccounts.spec.js:19:1 login with dozent test account" type="FAILURE">
<![CDATA[  [webkit] › loginAccounts.spec.js:19:1 › login with dozent test account ===========================

    Test timeout of 15000ms exceeded.

    locator.click: Target closed
    =========================== logs ===========================
    waiting for getByPlaceholder('mmuster1 / mmuster1@test.de ')
    ============================================================

      19 | test('login with dozent test account', async ({ page }) => {
      20 |   await page.goto('https://fe9e-134-95-7-150.eu.ngrok.io');
    > 21 |   await page.getByPlaceholder('mmuster1 / mmuster1@test.de ').click();
         |                                                               ^
      22 |   await page.getByPlaceholder('mmuster1 / mmuster1@test.de ').type('dozierende@test.de');
      23 |   await page.getByPlaceholder('Passwort').click();
      24 |   await page.getByPlaceholder('Passwort').type('123test');

        at /Users/jonaswetzel/Desktop/Capstone/scida/tests/loginAccounts.spec.js:21:63

    Pending operations:
      - locator.click at tests/loginAccounts.spec.js:21:63

]]>
</failure>
</testcase>
<testcase name="login with dekanat test account" classname="[webkit] › loginAccounts.spec.js › login with dekanat test account" time="15.001">
<failure message="loginAccounts.spec.js:30:1 login with dekanat test account" type="FAILURE">
<![CDATA[  [webkit] › loginAccounts.spec.js:30:1 › login with dekanat test account ==========================

    Test timeout of 15000ms exceeded.

    locator.click: Target closed
    =========================== logs ===========================
    waiting for getByPlaceholder('mmuster1 / mmuster1@test.de ')
    ============================================================

      30 | test('login with dekanat test account', async ({ page }) => {
      31 |   await page.goto('https://fe9e-134-95-7-150.eu.ngrok.io');
    > 32 |   await page.getByPlaceholder('mmuster1 / mmuster1@test.de ').click();
         |                                                               ^
      33 |   await page.getByPlaceholder('mmuster1 / mmuster1@test.de ').type('dekanat@test.de');
      34 |   await page.getByPlaceholder('Passwort').click();
      35 |   await page.getByPlaceholder('Passwort').type('123test');

        at /Users/jonaswetzel/Desktop/Capstone/scida/tests/loginAccounts.spec.js:32:63

    Pending operations:
      - locator.click at tests/loginAccounts.spec.js:32:63

]]>
</failure>
</testcase>
</testsuite>
<testsuite name="loginPage.spec.js" timestamp="1673013276933" hostname="" tests="3" failures="3" skipped="0" time="45.005" errors="0">
<testcase name="navbar contains title, logo and links to intro page" classname="[webkit] › loginPage.spec.js › navbar contains title, logo and links to intro page" time="15.001">
<failure message="loginPage.spec.js:9:1 navbar contains title, logo and links to intro page" type="FAILURE">
<![CDATA[  [webkit] › loginPage.spec.js:9:1 › navbar contains title, logo and links to intro page ===========

    Test timeout of 15000ms exceeded.

    locator.click: Target closed
    =========================== logs ===========================
    waiting for getByRole('link', { name: 'Scida Medizinische Fakultät - Universität zu Köln' })
    ============================================================

      12 |   await page.goto("https://fe9e-134-95-7-150.eu.ngrok.io");
      13 |   await page.getByRole("img").click();
    > 14 |   await page.getByRole("link", {name: "Scida Medizinische Fakultät - Universität zu Köln",}).click();
         |                                                                                              ^
      15 |   await page.getByTestId('navbar').click();
      16 | });
      17 |

        at /Users/jonaswetzel/Desktop/Capstone/scida/tests/loginPage.spec.js:14:94

    Pending operations:
      - locator.click at tests/loginPage.spec.js:14:94

]]>
</failure>
</testcase>
<testcase name="footer contains correct text and links to corresponding pages" classname="[webkit] › loginPage.spec.js › footer contains correct text and links to corresponding pages" time="15.002">
<failure message="loginPage.spec.js:18:1 footer contains correct text and links to corresponding pages" type="FAILURE">
<![CDATA[  [webkit] › loginPage.spec.js:18:1 › footer contains correct text and links to corresponding pages 

    Test timeout of 15000ms exceeded.

    locator.click: Target closed
    =========================== logs ===========================
    waiting for getByText('© 2022 Scida. Alle Rechte vorbehalten.')
    ============================================================

      21 |   await page.goto("https://fe9e-134-95-7-150.eu.ngrok.io");
      22 |   await page.getByRole("contentinfo").click();
    > 23 |   await page.getByText("© 2022 Scida. Alle Rechte vorbehalten.").click();
         |                                                                  ^
      24 |   await page.getByText("|").first().click();
      25 |   await page.getByRole('link', { name: 'Support' }).click();
      26 |   await page.getByText("|").nth(1).click();

        at /Users/jonaswetzel/Desktop/Capstone/scida/tests/loginPage.spec.js:23:66

    Pending operations:
      - locator.click at tests/loginPage.spec.js:23:66

]]>
</failure>
</testcase>
<testcase name="login window contains all components" classname="[webkit] › loginPage.spec.js › login window contains all components" time="15.002">
<failure message="loginPage.spec.js:32:1 login window contains all components" type="FAILURE">
<![CDATA[  [webkit] › loginPage.spec.js:32:1 › login window contains all components =========================

    Test timeout of 15000ms exceeded.

    locator.click: Target closed
    =========================== logs ===========================
    waiting for getByText('Benutzername / Email')
    ============================================================

      34 |   }) => {
      35 |     await page.goto("https://fe9e-134-95-7-150.eu.ngrok.io");
    > 36 |     await page.getByText('Benutzername / Email').click();
         |                                                  ^
      37 |     await page.getByPlaceholder('mmuster1 / mmuster1@test.de ').click();
      38 |     await page.getByPlaceholder('Passwort').click();
      39 |     await page.getByRole('link', { name: 'Passwort vergessen?' }).click();

        at /Users/jonaswetzel/Desktop/Capstone/scida/tests/loginPage.spec.js:36:50

    Pending operations:
      - locator.click at tests/loginPage.spec.js:36:50

]]>
</failure>
</testcase>
</testsuite>
</testsuites>