<testsuites id="" name="" tests="9" failures="3" skipped="0" errors="0" time="39.85663700008392">
<testsuite name="example.spec.js" timestamp="1672243629030" hostname="" tests="3" failures="1" skipped="0" time="25.038" errors="0">
<testcase name="navbar contains title, logo and links to intro page" classname="[chromium] › example.spec.js › navbar contains title, logo and links to intro page" time="4.637">
</testcase>
<testcase name="footer contains correct text and links to corresponding pages" classname="[chromium] › example.spec.js › footer contains correct text and links to corresponding pages" time="5.401">
</testcase>
<testcase name="login window contains all components" classname="[chromium] › example.spec.js › login window contains all components" time="15">
<failure message="example.spec.js:32:1 login window contains all components" type="FAILURE">
<![CDATA[  [chromium] › example.spec.js:32:1 › login window contains all components =========================

    Test timeout of 15000ms exceeded.

    locator.click: Target closed
    =========================== logs ===========================
    waiting for getByText('Zugangsdaten falsch')
    ============================================================

      47 |   await page.waitForNavigation();
      48 |   await page.getByRole('button', { name: 'Einloggen' }).click();
    > 49 |   await page.getByText('Zugangsdaten falsch').click();
         |                                               ^
      50 | });
      51 |
      52 | // test('login with student test account', async ({ page }) => {

        at /Users/jonaswetzel/Desktop/Capstone/scida/tests/example.spec.js:49:47

    Pending operations:
      - locator.click at tests/example.spec.js:49:47

]]>
</failure>
</testcase>
</testsuite>
<testsuite name="example.spec.js" timestamp="1672243629030" hostname="" tests="3" failures="1" skipped="0" time="31.064" errors="0">
<testcase name="navbar contains title, logo and links to intro page" classname="[firefox] › example.spec.js › navbar contains title, logo and links to intro page" time="6.998">
</testcase>
<testcase name="footer contains correct text and links to corresponding pages" classname="[firefox] › example.spec.js › footer contains correct text and links to corresponding pages" time="9.066">
</testcase>
<testcase name="login window contains all components" classname="[firefox] › example.spec.js › login window contains all components" time="15">
<failure message="example.spec.js:32:1 login window contains all components" type="FAILURE">
<![CDATA[  [firefox] › example.spec.js:32:1 › login window contains all components ==========================

    Test timeout of 15000ms exceeded.

    locator.click: Target closed
    =========================== logs ===========================
    waiting for getByText('Zugangsdaten falsch')
    ============================================================

      47 |   await page.waitForNavigation();
      48 |   await page.getByRole('button', { name: 'Einloggen' }).click();
    > 49 |   await page.getByText('Zugangsdaten falsch').click();
         |                                               ^
      50 | });
      51 |
      52 | // test('login with student test account', async ({ page }) => {

        at /Users/jonaswetzel/Desktop/Capstone/scida/tests/example.spec.js:49:47

    Pending operations:
      - locator.click at tests/example.spec.js:49:47

]]>
</failure>
</testcase>
</testsuite>
<testsuite name="example.spec.js" timestamp="1672243629030" hostname="" tests="3" failures="1" skipped="0" time="23.353" errors="0">
<testcase name="navbar contains title, logo and links to intro page" classname="[webkit] › example.spec.js › navbar contains title, logo and links to intro page" time="4.351">
</testcase>
<testcase name="footer contains correct text and links to corresponding pages" classname="[webkit] › example.spec.js › footer contains correct text and links to corresponding pages" time="4.002">
</testcase>
<testcase name="login window contains all components" classname="[webkit] › example.spec.js › login window contains all components" time="15">
<failure message="example.spec.js:32:1 login window contains all components" type="FAILURE">
<![CDATA[  [webkit] › example.spec.js:32:1 › login window contains all components ===========================

    Test timeout of 15000ms exceeded.

    locator.click: Target closed
    =========================== logs ===========================
    waiting for getByText('Zugangsdaten falsch')
    ============================================================

      47 |   await page.waitForNavigation();
      48 |   await page.getByRole('button', { name: 'Einloggen' }).click();
    > 49 |   await page.getByText('Zugangsdaten falsch').click();
         |                                               ^
      50 | });
      51 |
      52 | // test('login with student test account', async ({ page }) => {

        at /Users/jonaswetzel/Desktop/Capstone/scida/tests/example.spec.js:49:47

    Pending operations:
      - locator.click at tests/example.spec.js:49:47

]]>
</failure>
</testcase>
</testsuite>
</testsuites>