<testsuites id="" name="" tests="6" failures="0" skipped="0" errors="0" time="23.267265000000595">
<testsuite name="dozentRedirect.spec.js" timestamp="1673968857677" hostname="" tests="2" failures="0" skipped="0" time="24.613" errors="0">
<testcase name="redirections check with dozent" classname="[chromium] › dozentRedirect.spec.js › redirections check with dozent" time="12.74">
<system-out>
<![CDATA[
[[ATTACHMENT|../test-results/dozentRedirect-redirections-check-with-dozent-chromium/video.webm]]
]]>
</system-out>
</testcase>
<testcase name="redirections check with dozent sandwichMenu" classname="[chromium] › dozentRedirect.spec.js › redirections check with dozent sandwichMenu" time="11.873">
<system-out>
<![CDATA[
[[ATTACHMENT|../test-results/dozentRedirect-redirections-check-with-dozent-sandwichMenu-chromium/video.webm]]
]]>
</system-out>
</testcase>
</testsuite>
<testsuite name="dozentRedirect.spec.js" timestamp="1673968857677" hostname="" tests="2" failures="0" skipped="0" time="21.798" errors="0">
<testcase name="redirections check with dozent" classname="[firefox] › dozentRedirect.spec.js › redirections check with dozent" time="10.874">
<system-out>
<![CDATA[
[[ATTACHMENT|../test-results/dozentRedirect-redirections-check-with-dozent-firefox/video.webm]]
]]>
</system-out>
</testcase>
<testcase name="redirections check with dozent sandwichMenu" classname="[firefox] › dozentRedirect.spec.js › redirections check with dozent sandwichMenu" time="10.924">
<system-out>
<![CDATA[
[[ATTACHMENT|../test-results/dozentRedirect-redirections-check-with-dozent-sandwichMenu-firefox/video.webm]]
]]>
</system-out>
</testcase>
</testsuite>
<testsuite name="dozentRedirect.spec.js" timestamp="1673968857677" hostname="" tests="2" failures="0" skipped="0" time="14.083" errors="0">
<testcase name="redirections check with dozent" classname="[webkit] › dozentRedirect.spec.js › redirections check with dozent" time="7.244">
<system-out>
<![CDATA[
[[ATTACHMENT|../test-results/dozentRedirect-redirections-check-with-dozent-webkit/video.webm]]
]]>
</system-out>
</testcase>
<testcase name="redirections check with dozent sandwichMenu" classname="[webkit] › dozentRedirect.spec.js › redirections check with dozent sandwichMenu" time="6.839">
<system-out>
<![CDATA[
[[ATTACHMENT|../test-results/dozentRedirect-redirections-check-with-dozent-sandwichMenu-webkit/video.webm]]
]]>
</system-out>
</testcase>
</testsuite>
</testsuites>