<testsuites id="" name="" tests="9" failures="0" skipped="0" errors="0" time="7.0967690000012515">
<testsuite name="example.spec.js" timestamp="1671053178575" hostname="" tests="3" failures="0" skipped="0" time="5.109" errors="0">
<testcase name="navbar contains title and links to intro page" classname="[chromium] › example.spec.js › navbar contains title and links to intro page" time="1.465">
</testcase>
<testcase name="navbar contains logo" classname="[chromium] › example.spec.js › navbar contains logo" time="1.335">
</testcase>
<testcase name="footer contains right text" classname="[chromium] › example.spec.js › footer contains right text" time="2.309">
</testcase>
</testsuite>
<testsuite name="example.spec.js" timestamp="1671053178575" hostname="" tests="3" failures="0" skipped="0" time="4.803" errors="0">
<testcase name="navbar contains title and links to intro page" classname="[firefox] › example.spec.js › navbar contains title and links to intro page" time="1.632">
</testcase>
<testcase name="navbar contains logo" classname="[firefox] › example.spec.js › navbar contains logo" time="1.186">
</testcase>
<testcase name="footer contains right text" classname="[firefox] › example.spec.js › footer contains right text" time="1.985">
</testcase>
</testsuite>
<testsuite name="example.spec.js" timestamp="1671053178575" hostname="" tests="3" failures="0" skipped="0" time="2.452" errors="0">
<testcase name="navbar contains title and links to intro page" classname="[webkit] › example.spec.js › navbar contains title and links to intro page" time="0.626">
</testcase>
<testcase name="navbar contains logo" classname="[webkit] › example.spec.js › navbar contains logo" time="0.986">
</testcase>
<testcase name="footer contains right text" classname="[webkit] › example.spec.js › footer contains right text" time="0.84">
</testcase>
</testsuite>
</testsuites>