<testsuites id="" name="" tests="45" failures="0" skipped="0" errors="0" time="189.91289899998904">
<testsuite name="csvUpload.spec.js" timestamp="1674211345355" hostname="" tests="1" failures="0" skipped="0" time="3.545" errors="0">
<testcase name="csvUpload" classname="[chromium] › csvUpload.spec.js › csvUpload" time="3.545">
<system-out>
<![CDATA[
[[ATTACHMENT|../test-results/csvUpload-csvUpload-chromium/video.webm]]
]]>
</system-out>
</testcase>
</testsuite>
<testsuite name="database.spec.js" timestamp="1674211345355" hostname="" tests="1" failures="0" skipped="0" time="0.008" errors="0">
<testcase name="Database connection" classname="[chromium] › database.spec.js › Database connection" time="0.008">
</testcase>
</testsuite>
<testsuite name="dekanatAnwesenheit.spec.js" timestamp="1674211345355" hostname="" tests="1" failures="0" skipped="0" time="11.706" errors="0">
<testcase name="go to attendance with dekanat" classname="[chromium] › dekanatAnwesenheit.spec.js › go to attendance with dekanat" time="11.706">
<system-out>
<![CDATA[
[[ATTACHMENT|../test-results/dekanatAnwesenheit-go-to-attendance-with-dekanat-chromium/video.webm]]
]]>
</system-out>
</testcase>
</testsuite>
<testsuite name="dekanatRedirect.spec.js" timestamp="1674211345355" hostname="" tests="2" failures="0" skipped="0" time="13.773" errors="0">
<testcase name="redirections check with dekanat" classname="[chromium] › dekanatRedirect.spec.js › redirections check with dekanat" time="6.731">
<system-out>
<![CDATA[
[[ATTACHMENT|../test-results/dekanatRedirect-redirections-check-with-dekanat-chromium/video.webm]]
]]>
</system-out>
</testcase>
<testcase name="redirections check with dekanat sandwichMenu" classname="[chromium] › dekanatRedirect.spec.js › redirections check with dekanat sandwichMenu" time="7.042">
<system-out>
<![CDATA[
[[ATTACHMENT|../test-results/dekanatRedirect-redirections-check-with-dekanat-sandwichMenu-chromium/video.webm]]
]]>
</system-out>
</testcase>
</testsuite>
<testsuite name="dozentRedirect.spec.js" timestamp="1674211345355" hostname="" tests="2" failures="0" skipped="0" time="7.572" errors="0">
<testcase name="redirections check with dozent" classname="[chromium] › dozentRedirect.spec.js › redirections check with dozent" time="3.959">
<system-out>
<![CDATA[
[[ATTACHMENT|../test-results/dozentRedirect-redirections-check-with-dozent-chromium/video.webm]]
]]>
</system-out>
</testcase>
<testcase name="redirections check with dozent sandwichMenu" classname="[chromium] › dozentRedirect.spec.js › redirections check with dozent sandwichMenu" time="3.613">
<system-out>
<![CDATA[
[[ATTACHMENT|../test-results/dozentRedirect-redirections-check-with-dozent-sandwichMenu-chromium/video.webm]]
]]>
</system-out>
</testcase>
</testsuite>
<testsuite name="loginAccounts.spec.js" timestamp="1674211345355" hostname="" tests="3" failures="0" skipped="0" time="11.356" errors="0">
<testcase name="login with student test account" classname="[chromium] › loginAccounts.spec.js › login with student test account" time="3.797">
<system-out>
<![CDATA[
[[ATTACHMENT|../test-results/loginAccounts-login-with-student-test-account-chromium/video.webm]]
]]>
</system-out>
</testcase>
<testcase name="login with dozent test account" classname="[chromium] › loginAccounts.spec.js › login with dozent test account" time="3.706">
<system-out>
<![CDATA[
[[ATTACHMENT|../test-results/loginAccounts-login-with-dozent-test-account-chromium/video.webm]]
]]>
</system-out>
</testcase>
<testcase name="login with dekanat test account" classname="[chromium] › loginAccounts.spec.js › login with dekanat test account" time="3.853">
<system-out>
<![CDATA[
[[ATTACHMENT|../test-results/loginAccounts-login-with-dekanat-test-account-chromium/video.webm]]
]]>
</system-out>
</testcase>
</testsuite>
<testsuite name="loginPage.spec.js" timestamp="1674211345355" hostname="" tests="3" failures="0" skipped="0" time="8.196" errors="0">
<testcase name="navbar contains title, logo and links to intro page" classname="[chromium] › loginPage.spec.js › navbar contains title, logo and links to intro page" time="1.611">
<system-out>
<![CDATA[
[[ATTACHMENT|../test-results/loginPage-navbar-contains-title-logo-and-links-to-intro-page-chromium/video.webm]]
]]>
</system-out>
</testcase>
<testcase name="footer contains correct text and links to corresponding pages" classname="[chromium] › loginPage.spec.js › footer contains correct text and links to corresponding pages" time="2.348">
<system-out>
<![CDATA[
[[ATTACHMENT|../test-results/loginPage-footer-contains-correct-text-and-links-to-corresponding-pages-chromium/video.webm]]
]]>
</system-out>
</testcase>
<testcase name="login window contains all components" classname="[chromium] › loginPage.spec.js › login window contains all components" time="4.237">
<system-out>
<![CDATA[
[[ATTACHMENT|../test-results/loginPage-login-window-contains-all-components-chromium/video.webm]]
]]>
</system-out>
</testcase>
</testsuite>
<testsuite name="studentRedirect.spec.js" timestamp="1674211345355" hostname="" tests="2" failures="0" skipped="0" time="8.85" errors="0">
<testcase name="redirections check with student" classname="[chromium] › studentRedirect.spec.js › redirections check with student" time="3.962">
<system-out>
<![CDATA[
[[ATTACHMENT|../test-results/studentRedirect-redirections-check-with-student-chromium/video.webm]]
]]>
</system-out>
</testcase>
<testcase name="redirections check with student sandwichMenu" classname="[chromium] › studentRedirect.spec.js › redirections check with student sandwichMenu" time="4.888">
<system-out>
<![CDATA[
[[ATTACHMENT|../test-results/studentRedirect-redirections-check-with-student-sandwichMenu-chromium/video.webm]]
]]>
</system-out>
</testcase>
</testsuite>
<testsuite name="csvUpload.spec.js" timestamp="1674211345355" hostname="" tests="1" failures="0" skipped="0" time="5.318" errors="0">
<testcase name="csvUpload" classname="[firefox] › csvUpload.spec.js › csvUpload" time="5.318">
<system-out>
<![CDATA[
[[ATTACHMENT|../test-results/csvUpload-csvUpload-firefox/video.webm]]
]]>
</system-out>
</testcase>
</testsuite>
<testsuite name="database.spec.js" timestamp="1674211345355" hostname="" tests="1" failures="0" skipped="0" time="0.025" errors="0">
<testcase name="Database connection" classname="[firefox] › database.spec.js › Database connection" time="0.025">
</testcase>
</testsuite>
<testsuite name="dekanatAnwesenheit.spec.js" timestamp="1674211345355" hostname="" tests="1" failures="0" skipped="0" time="12.384" errors="0">
<testcase name="go to attendance with dekanat" classname="[firefox] › dekanatAnwesenheit.spec.js › go to attendance with dekanat" time="12.384">
<system-out>
<![CDATA[
[[ATTACHMENT|../test-results/dekanatAnwesenheit-go-to-attendance-with-dekanat-firefox/video.webm]]
]]>
</system-out>
</testcase>
</testsuite>
<testsuite name="dekanatRedirect.spec.js" timestamp="1674211345355" hostname="" tests="2" failures="0" skipped="0" time="11.714" errors="0">
<testcase name="redirections check with dekanat" classname="[firefox] › dekanatRedirect.spec.js › redirections check with dekanat" time="5.524">
<system-out>
<![CDATA[
[[ATTACHMENT|../test-results/dekanatRedirect-redirections-check-with-dekanat-firefox/video.webm]]
]]>
</system-out>
</testcase>
<testcase name="redirections check with dekanat sandwichMenu" classname="[firefox] › dekanatRedirect.spec.js › redirections check with dekanat sandwichMenu" time="6.19">
<system-out>
<![CDATA[
[[ATTACHMENT|../test-results/dekanatRedirect-redirections-check-with-dekanat-sandwichMenu-firefox/video.webm]]
]]>
</system-out>
</testcase>
</testsuite>
<testsuite name="dozentRedirect.spec.js" timestamp="1674211345355" hostname="" tests="2" failures="0" skipped="0" time="6.696" errors="0">
<testcase name="redirections check with dozent" classname="[firefox] › dozentRedirect.spec.js › redirections check with dozent" time="3.445">
<system-out>
<![CDATA[
[[ATTACHMENT|../test-results/dozentRedirect-redirections-check-with-dozent-firefox/video.webm]]
]]>
</system-out>
</testcase>
<testcase name="redirections check with dozent sandwichMenu" classname="[firefox] › dozentRedirect.spec.js › redirections check with dozent sandwichMenu" time="3.251">
<system-out>
<![CDATA[
[[ATTACHMENT|../test-results/dozentRedirect-redirections-check-with-dozent-sandwichMenu-firefox/video.webm]]
]]>
</system-out>
</testcase>
</testsuite>
<testsuite name="loginAccounts.spec.js" timestamp="1674211345355" hostname="" tests="3" failures="0" skipped="0" time="10.508" errors="0">
<testcase name="login with student test account" classname="[firefox] › loginAccounts.spec.js › login with student test account" time="3.221">
<system-out>
<![CDATA[
[[ATTACHMENT|../test-results/loginAccounts-login-with-student-test-account-firefox/video.webm]]
]]>
</system-out>
</testcase>
<testcase name="login with dozent test account" classname="[firefox] › loginAccounts.spec.js › login with dozent test account" time="3.753">
<system-out>
<![CDATA[
[[ATTACHMENT|../test-results/loginAccounts-login-with-dozent-test-account-firefox/video.webm]]
]]>
</system-out>
</testcase>
<testcase name="login with dekanat test account" classname="[firefox] › loginAccounts.spec.js › login with dekanat test account" time="3.534">
<system-out>
<![CDATA[
[[ATTACHMENT|../test-results/loginAccounts-login-with-dekanat-test-account-firefox/video.webm]]
]]>
</system-out>
</testcase>
</testsuite>
<testsuite name="loginPage.spec.js" timestamp="1674211345355" hostname="" tests="3" failures="0" skipped="0" time="7.471" errors="0">
<testcase name="navbar contains title, logo and links to intro page" classname="[firefox] › loginPage.spec.js › navbar contains title, logo and links to intro page" time="1.47">
<system-out>
<![CDATA[
[[ATTACHMENT|../test-results/loginPage-navbar-contains-title-logo-and-links-to-intro-page-firefox/video.webm]]
]]>
</system-out>
</testcase>
<testcase name="footer contains correct text and links to corresponding pages" classname="[firefox] › loginPage.spec.js › footer contains correct text and links to corresponding pages" time="2.189">
<system-out>
<![CDATA[
[[ATTACHMENT|../test-results/loginPage-footer-contains-correct-text-and-links-to-corresponding-pages-firefox/video.webm]]
]]>
</system-out>
</testcase>
<testcase name="login window contains all components" classname="[firefox] › loginPage.spec.js › login window contains all components" time="3.812">
<system-out>
<![CDATA[
[[ATTACHMENT|../test-results/loginPage-login-window-contains-all-components-firefox/video.webm]]
]]>
</system-out>
</testcase>
</testsuite>
<testsuite name="studentRedirect.spec.js" timestamp="1674211345355" hostname="" tests="2" failures="0" skipped="0" time="7.5" errors="0">
<testcase name="redirections check with student" classname="[firefox] › studentRedirect.spec.js › redirections check with student" time="3.313">
<system-out>
<![CDATA[
[[ATTACHMENT|../test-results/studentRedirect-redirections-check-with-student-firefox/video.webm]]
]]>
</system-out>
</testcase>
<testcase name="redirections check with student sandwichMenu" classname="[firefox] › studentRedirect.spec.js › redirections check with student sandwichMenu" time="4.187">
<system-out>
<![CDATA[
[[ATTACHMENT|../test-results/studentRedirect-redirections-check-with-student-sandwichMenu-firefox/video.webm]]
]]>
</system-out>
</testcase>
</testsuite>
<testsuite name="csvUpload.spec.js" timestamp="1674211345355" hostname="" tests="1" failures="0" skipped="0" time="4.684" errors="0">
<testcase name="csvUpload" classname="[webkit] › csvUpload.spec.js › csvUpload" time="4.684">
<system-out>
<![CDATA[
[[ATTACHMENT|../test-results/csvUpload-csvUpload-webkit/video.webm]]
]]>
</system-out>
</testcase>
</testsuite>
<testsuite name="database.spec.js" timestamp="1674211345355" hostname="" tests="1" failures="0" skipped="0" time="0.012" errors="0">
<testcase name="Database connection" classname="[webkit] › database.spec.js › Database connection" time="0.012">
</testcase>
</testsuite>
<testsuite name="dekanatAnwesenheit.spec.js" timestamp="1674211345355" hostname="" tests="1" failures="0" skipped="0" time="11.303" errors="0">
<testcase name="go to attendance with dekanat" classname="[webkit] › dekanatAnwesenheit.spec.js › go to attendance with dekanat" time="11.303">
<system-out>
<![CDATA[
[[ATTACHMENT|../test-results/dekanatAnwesenheit-go-to-attendance-with-dekanat-webkit/video.webm]]
]]>
</system-out>
</testcase>
</testsuite>
<testsuite name="dekanatRedirect.spec.js" timestamp="1674211345355" hostname="" tests="2" failures="0" skipped="0" time="11.298" errors="0">
<testcase name="redirections check with dekanat" classname="[webkit] › dekanatRedirect.spec.js › redirections check with dekanat" time="4.92">
<system-out>
<![CDATA[
[[ATTACHMENT|../test-results/dekanatRedirect-redirections-check-with-dekanat-webkit/video.webm]]
]]>
</system-out>
</testcase>
<testcase name="redirections check with dekanat sandwichMenu" classname="[webkit] › dekanatRedirect.spec.js › redirections check with dekanat sandwichMenu" time="6.378">
<system-out>
<![CDATA[
[[ATTACHMENT|../test-results/dekanatRedirect-redirections-check-with-dekanat-sandwichMenu-webkit/video.webm]]
]]>
</system-out>
</testcase>
</testsuite>
<testsuite name="dozentRedirect.spec.js" timestamp="1674211345355" hostname="" tests="2" failures="0" skipped="0" time="6.833" errors="0">
<testcase name="redirections check with dozent" classname="[webkit] › dozentRedirect.spec.js › redirections check with dozent" time="3.456">
<system-out>
<![CDATA[
[[ATTACHMENT|../test-results/dozentRedirect-redirections-check-with-dozent-webkit/video.webm]]
]]>
</system-out>
</testcase>
<testcase name="redirections check with dozent sandwichMenu" classname="[webkit] › dozentRedirect.spec.js › redirections check with dozent sandwichMenu" time="3.377">
<system-out>
<![CDATA[
[[ATTACHMENT|../test-results/dozentRedirect-redirections-check-with-dozent-sandwichMenu-webkit/video.webm]]
]]>
</system-out>
</testcase>
</testsuite>
<testsuite name="loginAccounts.spec.js" timestamp="1674211345355" hostname="" tests="3" failures="0" skipped="0" time="9.936" errors="0">
<testcase name="login with student test account" classname="[webkit] › loginAccounts.spec.js › login with student test account" time="3.254">
<system-out>
<![CDATA[
[[ATTACHMENT|../test-results/loginAccounts-login-with-student-test-account-webkit/video.webm]]
]]>
</system-out>
</testcase>
<testcase name="login with dozent test account" classname="[webkit] › loginAccounts.spec.js › login with dozent test account" time="3.285">
<system-out>
<![CDATA[
[[ATTACHMENT|../test-results/loginAccounts-login-with-dozent-test-account-webkit/video.webm]]
]]>
</system-out>
</testcase>
<testcase name="login with dekanat test account" classname="[webkit] › loginAccounts.spec.js › login with dekanat test account" time="3.397">
<system-out>
<![CDATA[
[[ATTACHMENT|../test-results/loginAccounts-login-with-dekanat-test-account-webkit/video.webm]]
]]>
</system-out>
</testcase>
</testsuite>
<testsuite name="loginPage.spec.js" timestamp="1674211345355" hostname="" tests="3" failures="0" skipped="0" time="6.737" errors="0">
<testcase name="navbar contains title, logo and links to intro page" classname="[webkit] › loginPage.spec.js › navbar contains title, logo and links to intro page" time="1.541">
<system-out>
<![CDATA[
[[ATTACHMENT|../test-results/loginPage-navbar-contains-title-logo-and-links-to-intro-page-webkit/video.webm]]
]]>
</system-out>
</testcase>
<testcase name="footer contains correct text and links to corresponding pages" classname="[webkit] › loginPage.spec.js › footer contains correct text and links to corresponding pages" time="1.814">
<system-out>
<![CDATA[
[[ATTACHMENT|../test-results/loginPage-footer-contains-correct-text-and-links-to-corresponding-pages-webkit/video.webm]]
]]>
</system-out>
</testcase>
<testcase name="login window contains all components" classname="[webkit] › loginPage.spec.js › login window contains all components" time="3.382">
<system-out>
<![CDATA[
[[ATTACHMENT|../test-results/loginPage-login-window-contains-all-components-webkit/video.webm]]
]]>
</system-out>
</testcase>
</testsuite>
<testsuite name="studentRedirect.spec.js" timestamp="1674211345355" hostname="" tests="2" failures="0" skipped="0" time="7.95" errors="0">
<testcase name="redirections check with student" classname="[webkit] › studentRedirect.spec.js › redirections check with student" time="3.57">
<system-out>
<![CDATA[
[[ATTACHMENT|../test-results/studentRedirect-redirections-check-with-student-webkit/video.webm]]
]]>
</system-out>
</testcase>
<testcase name="redirections check with student sandwichMenu" classname="[webkit] › studentRedirect.spec.js › redirections check with student sandwichMenu" time="4.38">
<system-out>
<![CDATA[
[[ATTACHMENT|../test-results/studentRedirect-redirections-check-with-student-sandwichMenu-webkit/video.webm]]
]]>
</system-out>
</testcase>
</testsuite>
</testsuites>