<testsuites id="" name="" tests="45" failures="0" skipped="0" errors="0" time="17.993497000008823">
<testsuite name="example.spec.js" timestamp="1671100933006" hostname="" tests="15" failures="0" skipped="0" time="23.506" errors="0">
<testcase name="navbar contains title, logo and links to intro page" classname="[chromium] › example.spec.js › navbar contains title, logo and links to intro page" time="1.764">
</testcase>
<testcase name="footer contains correct text and links to corresponding pages" classname="[chromium] › example.spec.js › footer contains correct text and links to corresponding pages" time="2.131">
</testcase>
<testcase name="login-form is correctly displayed for students, teachers and admins  " classname="[chromium] › example.spec.js › login-form is correctly displayed for students, teachers and admins  " time="1.954">
</testcase>
<testcase name="student login-form contains all the elements and link to the right page" classname="[chromium] › example.spec.js › student login-form contains all the elements and link to the right page" time="2.079">
</testcase>
<testcase name="teacher login-form contains all the elements and link to the right page" classname="[chromium] › example.spec.js › teacher login-form contains all the elements and link to the right page" time="1.709">
</testcase>
<testcase name="admin login-form contains all the elements and link to the right page" classname="[chromium] › example.spec.js › admin login-form contains all the elements and link to the right page" time="1.702">
</testcase>
<testcase name="student dashboard navbar contains title, logo and links to intro page" classname="[chromium] › example.spec.js › student dashboard navbar contains title, logo and links to intro page" time="1.113">
</testcase>
<testcase name="student dashboard contains the right text and links to the corresponding pages" classname="[chromium] › example.spec.js › student dashboard contains the right text and links to the corresponding pages" time="1.444">
</testcase>
<testcase name="student dashboard footer contains the right text and links to the corresponding pages" classname="[chromium] › example.spec.js › student dashboard footer contains the right text and links to the corresponding pages" time="1.452">
</testcase>
<testcase name="teacher dashboard navbar contains title, logo and links to intro page" classname="[chromium] › example.spec.js › teacher dashboard navbar contains title, logo and links to intro page" time="0.944">
</testcase>
<testcase name="teacher dashboard contains the right text and links to the corresponding pages" classname="[chromium] › example.spec.js › teacher dashboard contains the right text and links to the corresponding pages" time="1.632">
</testcase>
<testcase name="teacher dashboard footer contains the right text and links to the corresponding pages" classname="[chromium] › example.spec.js › teacher dashboard footer contains the right text and links to the corresponding pages" time="1.388">
</testcase>
<testcase name="admin dashboard navbar contains title, logo and links to intro page" classname="[chromium] › example.spec.js › admin dashboard navbar contains title, logo and links to intro page" time="0.923">
</testcase>
<testcase name="admin dashboard contains the right text and links to the corresponding pages" classname="[chromium] › example.spec.js › admin dashboard contains the right text and links to the corresponding pages" time="1.783">
</testcase>
<testcase name="admin dashboard footer contains the right text and links to the corresponding pages" classname="[chromium] › example.spec.js › admin dashboard footer contains the right text and links to the corresponding pages" time="1.488">
</testcase>
</testsuite>
<testsuite name="example.spec.js" timestamp="1671100933006" hostname="" tests="15" failures="0" skipped="0" time="22.778" errors="0">
<testcase name="navbar contains title, logo and links to intro page" classname="[firefox] › example.spec.js › navbar contains title, logo and links to intro page" time="1.953">
</testcase>
<testcase name="footer contains correct text and links to corresponding pages" classname="[firefox] › example.spec.js › footer contains correct text and links to corresponding pages" time="2.266">
</testcase>
<testcase name="login-form is correctly displayed for students, teachers and admins  " classname="[firefox] › example.spec.js › login-form is correctly displayed for students, teachers and admins  " time="2.254">
</testcase>
<testcase name="student login-form contains all the elements and link to the right page" classname="[firefox] › example.spec.js › student login-form contains all the elements and link to the right page" time="2.755">
</testcase>
<testcase name="teacher login-form contains all the elements and link to the right page" classname="[firefox] › example.spec.js › teacher login-form contains all the elements and link to the right page" time="1.658">
</testcase>
<testcase name="admin login-form contains all the elements and link to the right page" classname="[firefox] › example.spec.js › admin login-form contains all the elements and link to the right page" time="1.667">
</testcase>
<testcase name="student dashboard navbar contains title, logo and links to intro page" classname="[firefox] › example.spec.js › student dashboard navbar contains title, logo and links to intro page" time="0.783">
</testcase>
<testcase name="student dashboard contains the right text and links to the corresponding pages" classname="[firefox] › example.spec.js › student dashboard contains the right text and links to the corresponding pages" time="1.283">
</testcase>
<testcase name="student dashboard footer contains the right text and links to the corresponding pages" classname="[firefox] › example.spec.js › student dashboard footer contains the right text and links to the corresponding pages" time="1.353">
</testcase>
<testcase name="teacher dashboard navbar contains title, logo and links to intro page" classname="[firefox] › example.spec.js › teacher dashboard navbar contains title, logo and links to intro page" time="0.855">
</testcase>
<testcase name="teacher dashboard contains the right text and links to the corresponding pages" classname="[firefox] › example.spec.js › teacher dashboard contains the right text and links to the corresponding pages" time="1.529">
</testcase>
<testcase name="teacher dashboard footer contains the right text and links to the corresponding pages" classname="[firefox] › example.spec.js › teacher dashboard footer contains the right text and links to the corresponding pages" time="1.24">
</testcase>
<testcase name="admin dashboard navbar contains title, logo and links to intro page" classname="[firefox] › example.spec.js › admin dashboard navbar contains title, logo and links to intro page" time="0.799">
</testcase>
<testcase name="admin dashboard contains the right text and links to the corresponding pages" classname="[firefox] › example.spec.js › admin dashboard contains the right text and links to the corresponding pages" time="1.262">
</testcase>
<testcase name="admin dashboard footer contains the right text and links to the corresponding pages" classname="[firefox] › example.spec.js › admin dashboard footer contains the right text and links to the corresponding pages" time="1.121">
</testcase>
</testsuite>
<testsuite name="example.spec.js" timestamp="1671100933006" hostname="" tests="15" failures="0" skipped="0" time="14.153" errors="0">
<testcase name="navbar contains title, logo and links to intro page" classname="[webkit] › example.spec.js › navbar contains title, logo and links to intro page" time="0.901">
</testcase>
<testcase name="footer contains correct text and links to corresponding pages" classname="[webkit] › example.spec.js › footer contains correct text and links to corresponding pages" time="1.07">
</testcase>
<testcase name="login-form is correctly displayed for students, teachers and admins  " classname="[webkit] › example.spec.js › login-form is correctly displayed for students, teachers and admins  " time="0.74">
</testcase>
<testcase name="student login-form contains all the elements and link to the right page" classname="[webkit] › example.spec.js › student login-form contains all the elements and link to the right page" time="0.866">
</testcase>
<testcase name="teacher login-form contains all the elements and link to the right page" classname="[webkit] › example.spec.js › teacher login-form contains all the elements and link to the right page" time="1.26">
</testcase>
<testcase name="admin login-form contains all the elements and link to the right page" classname="[webkit] › example.spec.js › admin login-form contains all the elements and link to the right page" time="0.965">
</testcase>
<testcase name="student dashboard navbar contains title, logo and links to intro page" classname="[webkit] › example.spec.js › student dashboard navbar contains title, logo and links to intro page" time="0.653">
</testcase>
<testcase name="student dashboard contains the right text and links to the corresponding pages" classname="[webkit] › example.spec.js › student dashboard contains the right text and links to the corresponding pages" time="1.049">
</testcase>
<testcase name="student dashboard footer contains the right text and links to the corresponding pages" classname="[webkit] › example.spec.js › student dashboard footer contains the right text and links to the corresponding pages" time="1.128">
</testcase>
<testcase name="teacher dashboard navbar contains title, logo and links to intro page" classname="[webkit] › example.spec.js › teacher dashboard navbar contains title, logo and links to intro page" time="0.745">
</testcase>
<testcase name="teacher dashboard contains the right text and links to the corresponding pages" classname="[webkit] › example.spec.js › teacher dashboard contains the right text and links to the corresponding pages" time="1.188">
</testcase>
<testcase name="teacher dashboard footer contains the right text and links to the corresponding pages" classname="[webkit] › example.spec.js › teacher dashboard footer contains the right text and links to the corresponding pages" time="1.001">
</testcase>
<testcase name="admin dashboard navbar contains title, logo and links to intro page" classname="[webkit] › example.spec.js › admin dashboard navbar contains title, logo and links to intro page" time="0.671">
</testcase>
<testcase name="admin dashboard contains the right text and links to the corresponding pages" classname="[webkit] › example.spec.js › admin dashboard contains the right text and links to the corresponding pages" time="1.08">
</testcase>
<testcase name="admin dashboard footer contains the right text and links to the corresponding pages" classname="[webkit] › example.spec.js › admin dashboard footer contains the right text and links to the corresponding pages" time="0.836">
</testcase>
</testsuite>
</testsuites>