<testsuites id="" name="" tests="3" failures="0" skipped="0" errors="0" time="11.223861000001431">
<testsuite name="csvUpload.spec.js" timestamp="1674121087335" hostname="" tests="1" failures="0" skipped="0" time="7.671" errors="0">
<testcase name="csvUpload" classname="[chromium] › csvUpload.spec.js › csvUpload" time="7.671">
<system-out>
<![CDATA[
[[ATTACHMENT|../test-results/csvUpload-csvUpload-chromium/video.webm]]
]]>
</system-out>
</testcase>
</testsuite>
<testsuite name="csvUpload.spec.js" timestamp="1674121087335" hostname="" tests="1" failures="0" skipped="0" time="7.906" errors="0">
<testcase name="csvUpload" classname="[firefox] › csvUpload.spec.js › csvUpload" time="7.906">
<system-out>
<![CDATA[
[[ATTACHMENT|../test-results/csvUpload-csvUpload-firefox/video.webm]]
]]>
</system-out>
</testcase>
</testsuite>
<testsuite name="csvUpload.spec.js" timestamp="1674121087335" hostname="" tests="1" failures="0" skipped="0" time="7.616" errors="0">
<testcase name="csvUpload" classname="[webkit] › csvUpload.spec.js › csvUpload" time="7.616">
<system-out>
<![CDATA[
[[ATTACHMENT|../test-results/csvUpload-csvUpload-webkit/video.webm]]
]]>
</system-out>
</testcase>
</testsuite>
</testsuites>