<testsuites id="" name="" tests="9" failures="0" skipped="0" errors="0" time="22.810589999914168">
<testsuite name="loginAccounts.spec.js" timestamp="1672405561714" hostname="" tests="3" failures="0" skipped="0" time="16.351" errors="0">
<testcase name="login with student test account" classname="[chromium] › loginAccounts.spec.js › login with student test account" time="4.963">
</testcase>
<testcase name="login with dozent test account" classname="[chromium] › loginAccounts.spec.js › login with dozent test account" time="5.677">
</testcase>
<testcase name="login with dekanat test account" classname="[chromium] › loginAccounts.spec.js › login with dekanat test account" time="5.711">
</testcase>
</testsuite>
<testsuite name="loginAccounts.spec.js" timestamp="1672405561714" hostname="" tests="3" failures="0" skipped="0" time="26.845" errors="0">
<testcase name="login with student test account" classname="[firefox] › loginAccounts.spec.js › login with student test account" time="7.657">
</testcase>
<testcase name="login with dozent test account" classname="[firefox] › loginAccounts.spec.js › login with dozent test account" time="9.333">
</testcase>
<testcase name="login with dekanat test account" classname="[firefox] › loginAccounts.spec.js › login with dekanat test account" time="9.855">
</testcase>
</testsuite>
<testsuite name="loginAccounts.spec.js" timestamp="1672405561714" hostname="" tests="3" failures="0" skipped="0" time="15.163" errors="0">
<testcase name="login with student test account" classname="[webkit] › loginAccounts.spec.js › login with student test account" time="4.386">
</testcase>
<testcase name="login with dozent test account" classname="[webkit] › loginAccounts.spec.js › login with dozent test account" time="5.61">
</testcase>
<testcase name="login with dekanat test account" classname="[webkit] › loginAccounts.spec.js › login with dekanat test account" time="5.167">
</testcase>
</testsuite>
</testsuites>