<testsuites id="" name="" tests="16" failures="4" skipped="0" errors="0" time="78.62088100001216">
<testsuite name="database.spec.js" timestamp="1673963171217" hostname="" tests="1" failures="0" skipped="0" time="0.046" errors="0">
<testcase name="Database connection" classname="[chromium] › database.spec.js › Database connection" time="0.046">
</testcase>
</testsuite>
<testsuite name="dekanatAnwesenheit.spec.js" timestamp="1673963171217" hostname="" tests="1" failures="1" skipped="0" time="30" errors="0">
<testcase name="go to attendance with dekanat" classname="[chromium] › dekanatAnwesenheit.spec.js › go to attendance with dekanat" time="30">
<failure message="dekanatAnwesenheit.spec.js:4:1 go to attendance with dekanat" type="FAILURE">
<![CDATA[  [chromium] › dekanatAnwesenheit.spec.js:4:1 › go to attendance with dekanat ======================

    Test timeout of 30000ms exceeded.

    locator.click: Target closed
    =========================== logs ===========================
    waiting for getByRole('link', { name: 'Accounts verwalten Verwalte hier die Accounts von Studierenden, Dozierenden und Mitarbeitenden.' })
    ============================================================

      23 |         "Accounts verwalten Verwalte hier die Accounts von Studierenden, Dozierenden und Mitarbeitenden.",
      24 |     })
    > 25 |     .click();
         |      ^
      26 |   await page.waitForNavigation();
      27 |   currentUrl = page.url();
      28 |   assert.strictEqual(

        at /Users/jonaswetzel/Desktop/Capstone/scida/tests/dekanatAnwesenheit.spec.js:25:6

    Pending operations:
      - locator.click at tests/dekanatAnwesenheit.spec.js:25:6


    attachment #1: video (video/webm) --------------------------------------------------------------
    test-results/dekanatAnwesenheit-go-to-attendance-with-dekanat-chromium/video.webm
    ------------------------------------------------------------------------------------------------
]]>
</failure>
<system-out>
<![CDATA[
[[ATTACHMENT|../test-results/dekanatAnwesenheit-go-to-attendance-with-dekanat-chromium/video.webm]]
]]>
</system-out>
</testcase>
</testsuite>
<testsuite name="loginAccounts.spec.js" timestamp="1673963171217" hostname="" tests="3" failures="0" skipped="0" time="34.665" errors="0">
<testcase name="login with student test account" classname="[chromium] › loginAccounts.spec.js › login with student test account" time="11.557">
<system-out>
<![CDATA[
[[ATTACHMENT|../test-results/loginAccounts-login-with-student-test-account-chromium/video.webm]]
]]>
</system-out>
</testcase>
<testcase name="login with dozent test account" classname="[chromium] › loginAccounts.spec.js › login with dozent test account" time="11.615">
<system-out>
<![CDATA[
[[ATTACHMENT|../test-results/loginAccounts-login-with-dozent-test-account-chromium/video.webm]]
]]>
</system-out>
</testcase>
<testcase name="login with dekanat test account" classname="[chromium] › loginAccounts.spec.js › login with dekanat test account" time="11.493">
<system-out>
<![CDATA[
[[ATTACHMENT|../test-results/loginAccounts-login-with-dekanat-test-account-chromium/video.webm]]
]]>
</system-out>
</testcase>
</testsuite>
<testsuite name="loginPage.spec.js" timestamp="1673963171217" hostname="" tests="3" failures="1" skipped="0" time="39.547" errors="0">
<testcase name="navbar contains title, logo and links to intro page" classname="[chromium] › loginPage.spec.js › navbar contains title, logo and links to intro page" time="3.925">
<system-out>
<![CDATA[
[[ATTACHMENT|../test-results/loginPage-navbar-contains-title-logo-and-links-to-intro-page-chromium/video.webm]]
]]>
</system-out>
</testcase>
<testcase name="footer contains correct text and links to corresponding pages" classname="[chromium] › loginPage.spec.js › footer contains correct text and links to corresponding pages" time="5.623">
<system-out>
<![CDATA[
[[ATTACHMENT|../test-results/loginPage-footer-contains-correct-text-and-links-to-corresponding-pages-chromium/video.webm]]
]]>
</system-out>
</testcase>
<testcase name="login window contains all components" classname="[chromium] › loginPage.spec.js › login window contains all components" time="29.999">
<failure message="loginPage.spec.js:32:1 login window contains all components" type="FAILURE">
<![CDATA[  [chromium] › loginPage.spec.js:32:1 › login window contains all components =======================

    Test timeout of 30000ms exceeded.

    locator.click: Target closed
    =========================== logs ===========================
    waiting for getByRole('link', { name: 'Passwort vergessen?' })
    ============================================================

      37 |     await page.getByPlaceholder('mmuster1 / mmuster1@test.de ').click();
      38 |     await page.getByPlaceholder('Passwort').click();
    > 39 |     await page.getByRole('link', { name: 'Passwort vergessen?' }).click();
         |                                                                   ^
      40 |     await page.goto("http://localhost:3000/");
      41 |     await page.getByRole('button', { name: 'Einloggen' }).click();
      42 |     await page.getByText('Zugangsdaten falsch').click();

        at /Users/jonaswetzel/Desktop/Capstone/scida/tests/loginPage.spec.js:39:67

    Pending operations:
      - locator.click at tests/loginPage.spec.js:39:67


    attachment #1: video (video/webm) --------------------------------------------------------------
    test-results/loginPage-login-window-contains-all-components-chromium/video.webm
    ------------------------------------------------------------------------------------------------
]]>
</failure>
<system-out>
<![CDATA[
[[ATTACHMENT|../test-results/loginPage-login-window-contains-all-components-chromium/video.webm]]
]]>
</system-out>
</testcase>
</testsuite>
<testsuite name="database.spec.js" timestamp="1673963171217" hostname="" tests="1" failures="0" skipped="0" time="0.07" errors="0">
<testcase name="Database connection" classname="[firefox] › database.spec.js › Database connection" time="0.07">
</testcase>
</testsuite>
<testsuite name="dekanatAnwesenheit.spec.js" timestamp="1673963171217" hostname="" tests="1" failures="1" skipped="0" time="29.999" errors="0">
<testcase name="go to attendance with dekanat" classname="[firefox] › dekanatAnwesenheit.spec.js › go to attendance with dekanat" time="29.999">
<failure message="dekanatAnwesenheit.spec.js:4:1 go to attendance with dekanat" type="FAILURE">
<![CDATA[  [firefox] › dekanatAnwesenheit.spec.js:4:1 › go to attendance with dekanat =======================

    Test timeout of 30000ms exceeded.

    locator.click: Target closed
    =========================== logs ===========================
    waiting for getByRole('link', { name: 'Accounts verwalten Verwalte hier die Accounts von Studierenden, Dozierenden und Mitarbeitenden.' })
    ============================================================

      23 |         "Accounts verwalten Verwalte hier die Accounts von Studierenden, Dozierenden und Mitarbeitenden.",
      24 |     })
    > 25 |     .click();
         |      ^
      26 |   await page.waitForNavigation();
      27 |   currentUrl = page.url();
      28 |   assert.strictEqual(

        at /Users/jonaswetzel/Desktop/Capstone/scida/tests/dekanatAnwesenheit.spec.js:25:6

    Pending operations:
      - locator.click at tests/dekanatAnwesenheit.spec.js:25:6


    attachment #1: video (video/webm) --------------------------------------------------------------
    test-results/dekanatAnwesenheit-go-to-attendance-with-dekanat-firefox/video.webm
    ------------------------------------------------------------------------------------------------
]]>
</failure>
<system-out>
<![CDATA[
[[ATTACHMENT|../test-results/dekanatAnwesenheit-go-to-attendance-with-dekanat-firefox/video.webm]]
]]>
</system-out>
</testcase>
</testsuite>
<testsuite name="loginAccounts.spec.js" timestamp="1673963171217" hostname="" tests="3" failures="0" skipped="0" time="21.16" errors="0">
<testcase name="login with student test account" classname="[firefox] › loginAccounts.spec.js › login with student test account" time="9.041">
<system-out>
<![CDATA[
[[ATTACHMENT|../test-results/loginAccounts-login-with-student-test-account-firefox/video.webm]]
]]>
</system-out>
</testcase>
<testcase name="login with dozent test account" classname="[firefox] › loginAccounts.spec.js › login with dozent test account" time="6.35">
<system-out>
<![CDATA[
[[ATTACHMENT|../test-results/loginAccounts-login-with-dozent-test-account-firefox/video.webm]]
]]>
</system-out>
</testcase>
<testcase name="login with dekanat test account" classname="[firefox] › loginAccounts.spec.js › login with dekanat test account" time="5.769">
<system-out>
<![CDATA[
[[ATTACHMENT|../test-results/loginAccounts-login-with-dekanat-test-account-firefox/video.webm]]
]]>
</system-out>
</testcase>
</testsuite>
<testsuite name="loginPage.spec.js" timestamp="1673963171217" hostname="" tests="3" failures="1" skipped="0" time="39.812" errors="0">
<testcase name="navbar contains title, logo and links to intro page" classname="[firefox] › loginPage.spec.js › navbar contains title, logo and links to intro page" time="5.766">
<system-out>
<![CDATA[
[[ATTACHMENT|../test-results/loginPage-navbar-contains-title-logo-and-links-to-intro-page-firefox/video.webm]]
]]>
</system-out>
</testcase>
<testcase name="footer contains correct text and links to corresponding pages" classname="[firefox] › loginPage.spec.js › footer contains correct text and links to corresponding pages" time="4.045">
<system-out>
<![CDATA[
[[ATTACHMENT|../test-results/loginPage-footer-contains-correct-text-and-links-to-corresponding-pages-firefox/video.webm]]
]]>
</system-out>
</testcase>
<testcase name="login window contains all components" classname="[firefox] › loginPage.spec.js › login window contains all components" time="30.001">
<failure message="loginPage.spec.js:32:1 login window contains all components" type="FAILURE">
<![CDATA[  [firefox] › loginPage.spec.js:32:1 › login window contains all components ========================

    Test timeout of 30000ms exceeded.

    locator.click: Target closed
    =========================== logs ===========================
    waiting for getByRole('link', { name: 'Passwort vergessen?' })
    ============================================================

      37 |     await page.getByPlaceholder('mmuster1 / mmuster1@test.de ').click();
      38 |     await page.getByPlaceholder('Passwort').click();
    > 39 |     await page.getByRole('link', { name: 'Passwort vergessen?' }).click();
         |                                                                   ^
      40 |     await page.goto("http://localhost:3000/");
      41 |     await page.getByRole('button', { name: 'Einloggen' }).click();
      42 |     await page.getByText('Zugangsdaten falsch').click();

        at /Users/jonaswetzel/Desktop/Capstone/scida/tests/loginPage.spec.js:39:67

    Pending operations:
      - locator.click at tests/loginPage.spec.js:39:67


    attachment #1: video (video/webm) --------------------------------------------------------------
    test-results/loginPage-login-window-contains-all-components-firefox/video.webm
    ------------------------------------------------------------------------------------------------
]]>
</failure>
<system-out>
<![CDATA[
[[ATTACHMENT|../test-results/loginPage-login-window-contains-all-components-firefox/video.webm]]
]]>
</system-out>
</testcase>
</testsuite>
</testsuites>