<testsuites id="" name="" tests="18" failures="0" skipped="18" errors="0" time="0.9164119999408722">
<testsuite name="loginAccounts.spec.js" timestamp="1673011359435" hostname="" tests="3" failures="0" skipped="3" time="0" errors="0">
<testcase name="login with student test account" classname="[chromium] › loginAccounts.spec.js › login with student test account" time="0">
<skipped>
</skipped>
</testcase>
<testcase name="login with dozent test account" classname="[chromium] › loginAccounts.spec.js › login with dozent test account" time="0">
<skipped>
</skipped>
</testcase>
<testcase name="login with dekanat test account" classname="[chromium] › loginAccounts.spec.js › login with dekanat test account" time="0">
<skipped>
</skipped>
</testcase>
</testsuite>
<testsuite name="loginPage.spec.js" timestamp="1673011359435" hostname="" tests="3" failures="0" skipped="3" time="0" errors="0">
<testcase name="navbar contains title, logo and links to intro page" classname="[chromium] › loginPage.spec.js › navbar contains title, logo and links to intro page" time="0">
<skipped>
</skipped>
</testcase>
<testcase name="footer contains correct text and links to corresponding pages" classname="[chromium] › loginPage.spec.js › footer contains correct text and links to corresponding pages" time="0">
<skipped>
</skipped>
</testcase>
<testcase name="login window contains all components" classname="[chromium] › loginPage.spec.js › login window contains all components" time="0">
<skipped>
</skipped>
</testcase>
</testsuite>
<testsuite name="loginAccounts.spec.js" timestamp="1673011359435" hostname="" tests="3" failures="0" skipped="3" time="0" errors="0">
<testcase name="login with student test account" classname="[firefox] › loginAccounts.spec.js › login with student test account" time="0">
<skipped>
</skipped>
</testcase>
<testcase name="login with dozent test account" classname="[firefox] › loginAccounts.spec.js › login with dozent test account" time="0">
<skipped>
</skipped>
</testcase>
<testcase name="login with dekanat test account" classname="[firefox] › loginAccounts.spec.js › login with dekanat test account" time="0">
<skipped>
</skipped>
</testcase>
</testsuite>
<testsuite name="loginPage.spec.js" timestamp="1673011359435" hostname="" tests="3" failures="0" skipped="3" time="0" errors="0">
<testcase name="navbar contains title, logo and links to intro page" classname="[firefox] › loginPage.spec.js › navbar contains title, logo and links to intro page" time="0">
<skipped>
</skipped>
</testcase>
<testcase name="footer contains correct text and links to corresponding pages" classname="[firefox] › loginPage.spec.js › footer contains correct text and links to corresponding pages" time="0">
<skipped>
</skipped>
</testcase>
<testcase name="login window contains all components" classname="[firefox] › loginPage.spec.js › login window contains all components" time="0">
<skipped>
</skipped>
</testcase>
</testsuite>
<testsuite name="loginAccounts.spec.js" timestamp="1673011359435" hostname="" tests="3" failures="0" skipped="3" time="0" errors="0">
<testcase name="login with student test account" classname="[webkit] › loginAccounts.spec.js › login with student test account" time="0">
<skipped>
</skipped>
</testcase>
<testcase name="login with dozent test account" classname="[webkit] › loginAccounts.spec.js › login with dozent test account" time="0">
<skipped>
</skipped>
</testcase>
<testcase name="login with dekanat test account" classname="[webkit] › loginAccounts.spec.js › login with dekanat test account" time="0">
<skipped>
</skipped>
</testcase>
</testsuite>
<testsuite name="loginPage.spec.js" timestamp="1673011359435" hostname="" tests="3" failures="0" skipped="3" time="0" errors="0">
<testcase name="navbar contains title, logo and links to intro page" classname="[webkit] › loginPage.spec.js › navbar contains title, logo and links to intro page" time="0">
<skipped>
</skipped>
</testcase>
<testcase name="footer contains correct text and links to corresponding pages" classname="[webkit] › loginPage.spec.js › footer contains correct text and links to corresponding pages" time="0">
<skipped>
</skipped>
</testcase>
<testcase name="login window contains all components" classname="[webkit] › loginPage.spec.js › login window contains all components" time="0">
<skipped>
</skipped>
</testcase>
</testsuite>
</testsuites>