<testsuites id="" name="" tests="30" failures="0" skipped="0" errors="0" time="143.14333900000156">
<testsuite name="database.spec.js" timestamp="1673967767602" hostname="" tests="1" failures="0" skipped="0" time="0.09" errors="0">
<testcase name="Database connection" classname="[chromium] › database.spec.js › Database connection" time="0.09">
</testcase>
</testsuite>
<testsuite name="dekanatAnwesenheit.spec.js" timestamp="1673967767602" hostname="" tests="1" failures="0" skipped="0" time="13.074" errors="0">
<testcase name="go to attendance with dekanat" classname="[chromium] › dekanatAnwesenheit.spec.js › go to attendance with dekanat" time="13.074">
<system-out>
<![CDATA[
[[ATTACHMENT|../test-results/dekanatAnwesenheit-go-to-attendance-with-dekanat-chromium/video.webm]]
]]>
</system-out>
</testcase>
</testsuite>
<testsuite name="dekanatRedirect.spec.js" timestamp="1673967767602" hostname="" tests="2" failures="0" skipped="0" time="44.101" errors="0">
<testcase name="redirections check with dekanat" classname="[chromium] › dekanatRedirect.spec.js › redirections check with dekanat" time="21.112">
<system-out>
<![CDATA[
[[ATTACHMENT|../test-results/dekanatRedirect-redirections-check-with-dekanat-chromium/video.webm]]
]]>
</system-out>
</testcase>
<testcase name="redirections check with dekanat sandwichMenu" classname="[chromium] › dekanatRedirect.spec.js › redirections check with dekanat sandwichMenu" time="22.989">
<system-out>
<![CDATA[
[[ATTACHMENT|../test-results/dekanatRedirect-redirections-check-with-dekanat-sandwichMenu-chromium/video.webm]]
]]>
</system-out>
</testcase>
</testsuite>
<testsuite name="loginAccounts.spec.js" timestamp="1673967767602" hostname="" tests="3" failures="0" skipped="0" time="43.436" errors="0">
<testcase name="login with student test account" classname="[chromium] › loginAccounts.spec.js › login with student test account" time="16.356">
<system-out>
<![CDATA[
[[ATTACHMENT|../test-results/loginAccounts-login-with-student-test-account-chromium/video.webm]]
]]>
</system-out>
</testcase>
<testcase name="login with dozent test account" classname="[chromium] › loginAccounts.spec.js › login with dozent test account" time="13.486">
<system-out>
<![CDATA[
[[ATTACHMENT|../test-results/loginAccounts-login-with-dozent-test-account-chromium/video.webm]]
]]>
</system-out>
</testcase>
<testcase name="login with dekanat test account" classname="[chromium] › loginAccounts.spec.js › login with dekanat test account" time="13.594">
<system-out>
<![CDATA[
[[ATTACHMENT|../test-results/loginAccounts-login-with-dekanat-test-account-chromium/video.webm]]
]]>
</system-out>
</testcase>
</testsuite>
<testsuite name="loginPage.spec.js" timestamp="1673967767602" hostname="" tests="3" failures="0" skipped="0" time="29.385" errors="0">
<testcase name="navbar contains title, logo and links to intro page" classname="[chromium] › loginPage.spec.js › navbar contains title, logo and links to intro page" time="7.599">
<system-out>
<![CDATA[
[[ATTACHMENT|../test-results/loginPage-navbar-contains-title-logo-and-links-to-intro-page-chromium/video.webm]]
]]>
</system-out>
</testcase>
<testcase name="footer contains correct text and links to corresponding pages" classname="[chromium] › loginPage.spec.js › footer contains correct text and links to corresponding pages" time="9.256">
<system-out>
<![CDATA[
[[ATTACHMENT|../test-results/loginPage-footer-contains-correct-text-and-links-to-corresponding-pages-chromium/video.webm]]
]]>
</system-out>
</testcase>
<testcase name="login window contains all components" classname="[chromium] › loginPage.spec.js › login window contains all components" time="12.53">
<system-out>
<![CDATA[
[[ATTACHMENT|../test-results/loginPage-login-window-contains-all-components-chromium/video.webm]]
]]>
</system-out>
</testcase>
</testsuite>
<testsuite name="database.spec.js" timestamp="1673967767602" hostname="" tests="1" failures="0" skipped="0" time="0.116" errors="0">
<testcase name="Database connection" classname="[firefox] › database.spec.js › Database connection" time="0.116">
</testcase>
</testsuite>
<testsuite name="dekanatAnwesenheit.spec.js" timestamp="1673967767602" hostname="" tests="1" failures="0" skipped="0" time="11.763" errors="0">
<testcase name="go to attendance with dekanat" classname="[firefox] › dekanatAnwesenheit.spec.js › go to attendance with dekanat" time="11.763">
<system-out>
<![CDATA[
[[ATTACHMENT|../test-results/dekanatAnwesenheit-go-to-attendance-with-dekanat-firefox/video.webm]]
]]>
</system-out>
</testcase>
</testsuite>
<testsuite name="dekanatRedirect.spec.js" timestamp="1673967767602" hostname="" tests="2" failures="0" skipped="0" time="50.957" errors="0">
<testcase name="redirections check with dekanat" classname="[firefox] › dekanatRedirect.spec.js › redirections check with dekanat" time="20.583">
<system-out>
<![CDATA[
[[ATTACHMENT|../test-results/dekanatRedirect-redirections-check-with-dekanat-firefox/video.webm]]
]]>
</system-out>
</testcase>
<testcase name="redirections check with dekanat sandwichMenu" classname="[firefox] › dekanatRedirect.spec.js › redirections check with dekanat sandwichMenu" time="30.374">
<system-out>
<![CDATA[
[[ATTACHMENT|../test-results/dekanatRedirect-redirections-check-with-dekanat-sandwichMenu-firefox/video.webm]]
]]>
</system-out>
</testcase>
</testsuite>
<testsuite name="loginAccounts.spec.js" timestamp="1673967767602" hostname="" tests="3" failures="0" skipped="0" time="55.474" errors="0">
<testcase name="login with student test account" classname="[firefox] › loginAccounts.spec.js › login with student test account" time="26.435">
<system-out>
<![CDATA[
[[ATTACHMENT|../test-results/loginAccounts-login-with-student-test-account-firefox/video.webm]]
]]>
</system-out>
</testcase>
<testcase name="login with dozent test account" classname="[firefox] › loginAccounts.spec.js › login with dozent test account" time="14.911">
<system-out>
<![CDATA[
[[ATTACHMENT|../test-results/loginAccounts-login-with-dozent-test-account-firefox/video.webm]]
]]>
</system-out>
</testcase>
<testcase name="login with dekanat test account" classname="[firefox] › loginAccounts.spec.js › login with dekanat test account" time="14.128">
<system-out>
<![CDATA[
[[ATTACHMENT|../test-results/loginAccounts-login-with-dekanat-test-account-firefox/video.webm]]
]]>
</system-out>
</testcase>
</testsuite>
<testsuite name="loginPage.spec.js" timestamp="1673967767602" hostname="" tests="3" failures="0" skipped="0" time="24.487" errors="0">
<testcase name="navbar contains title, logo and links to intro page" classname="[firefox] › loginPage.spec.js › navbar contains title, logo and links to intro page" time="6.862">
<system-out>
<![CDATA[
[[ATTACHMENT|../test-results/loginPage-navbar-contains-title-logo-and-links-to-intro-page-firefox/video.webm]]
]]>
</system-out>
</testcase>
<testcase name="footer contains correct text and links to corresponding pages" classname="[firefox] › loginPage.spec.js › footer contains correct text and links to corresponding pages" time="7.143">
<system-out>
<![CDATA[
[[ATTACHMENT|../test-results/loginPage-footer-contains-correct-text-and-links-to-corresponding-pages-firefox/video.webm]]
]]>
</system-out>
</testcase>
<testcase name="login window contains all components" classname="[firefox] › loginPage.spec.js › login window contains all components" time="10.482">
<system-out>
<![CDATA[
[[ATTACHMENT|../test-results/loginPage-login-window-contains-all-components-firefox/video.webm]]
]]>
</system-out>
</testcase>
</testsuite>
<testsuite name="database.spec.js" timestamp="1673967767602" hostname="" tests="1" failures="0" skipped="0" time="0.152" errors="0">
<testcase name="Database connection" classname="[webkit] › database.spec.js › Database connection" time="0.152">
</testcase>
</testsuite>
<testsuite name="dekanatAnwesenheit.spec.js" timestamp="1673967767602" hostname="" tests="1" failures="0" skipped="0" time="33.347" errors="0">
<testcase name="go to attendance with dekanat" classname="[webkit] › dekanatAnwesenheit.spec.js › go to attendance with dekanat" time="33.347">
<system-out>
<![CDATA[
[[ATTACHMENT|../test-results/dekanatAnwesenheit-go-to-attendance-with-dekanat-webkit/video.webm]]
]]>
</system-out>
</testcase>
</testsuite>
<testsuite name="dekanatRedirect.spec.js" timestamp="1673967767602" hostname="" tests="2" failures="0" skipped="0" time="114.543" errors="0">
<testcase name="redirections check with dekanat" classname="[webkit] › dekanatRedirect.spec.js › redirections check with dekanat" time="57.034">
<system-out>
<![CDATA[
[[ATTACHMENT|../test-results/dekanatRedirect-redirections-check-with-dekanat-webkit/video.webm]]
]]>
</system-out>
</testcase>
<testcase name="redirections check with dekanat sandwichMenu" classname="[webkit] › dekanatRedirect.spec.js › redirections check with dekanat sandwichMenu" time="57.509">
<system-out>
<![CDATA[
[[ATTACHMENT|../test-results/dekanatRedirect-redirections-check-with-dekanat-sandwichMenu-webkit/video.webm]]
]]>
</system-out>
</testcase>
</testsuite>
<testsuite name="loginAccounts.spec.js" timestamp="1673967767602" hostname="" tests="3" failures="0" skipped="0" time="56.029" errors="0">
<testcase name="login with student test account" classname="[webkit] › loginAccounts.spec.js › login with student test account" time="32.105">
<system-out>
<![CDATA[
[[ATTACHMENT|../test-results/loginAccounts-login-with-student-test-account-webkit/video.webm]]
]]>
</system-out>
</testcase>
<testcase name="login with dozent test account" classname="[webkit] › loginAccounts.spec.js › login with dozent test account" time="9.028">
<system-out>
<![CDATA[
[[ATTACHMENT|../test-results/loginAccounts-login-with-dozent-test-account-webkit/video.webm]]
]]>
</system-out>
</testcase>
<testcase name="login with dekanat test account" classname="[webkit] › loginAccounts.spec.js › login with dekanat test account" time="14.896">
<system-out>
<![CDATA[
[[ATTACHMENT|../test-results/loginAccounts-login-with-dekanat-test-account-webkit/video.webm]]
]]>
</system-out>
</testcase>
</testsuite>
<testsuite name="loginPage.spec.js" timestamp="1673967767602" hostname="" tests="3" failures="0" skipped="0" time="21.861" errors="0">
<testcase name="navbar contains title, logo and links to intro page" classname="[webkit] › loginPage.spec.js › navbar contains title, logo and links to intro page" time="8.134">
<system-out>
<![CDATA[
[[ATTACHMENT|../test-results/loginPage-navbar-contains-title-logo-and-links-to-intro-page-webkit/video.webm]]
]]>
</system-out>
</testcase>
<testcase name="footer contains correct text and links to corresponding pages" classname="[webkit] › loginPage.spec.js › footer contains correct text and links to corresponding pages" time="6.953">
<system-out>
<![CDATA[
[[ATTACHMENT|../test-results/loginPage-footer-contains-correct-text-and-links-to-corresponding-pages-webkit/video.webm]]
]]>
</system-out>
</testcase>
<testcase name="login window contains all components" classname="[webkit] › loginPage.spec.js › login window contains all components" time="6.774">
<system-out>
<![CDATA[
[[ATTACHMENT|../test-results/loginPage-login-window-contains-all-components-webkit/video.webm]]
]]>
</system-out>
</testcase>
</testsuite>
</testsuites>