<testsuites id="" name="" tests="45" failures="0" skipped="0" errors="0" time="210.27512599998713">
<testsuite name="csvUpload.spec.js" timestamp="1674209512058" hostname="" tests="1" failures="0" skipped="0" time="4.661" errors="0">
<testcase name="csvUpload" classname="[chromium] › csvUpload.spec.js › csvUpload" time="4.661">
<system-out>
<![CDATA[
[[ATTACHMENT|../test-results/csvUpload-csvUpload-chromium/video.webm]]
]]>
</system-out>
</testcase>
</testsuite>
<testsuite name="database.spec.js" timestamp="1674209512058" hostname="" tests="1" failures="0" skipped="0" time="0.014" errors="0">
<testcase name="Database connection" classname="[chromium] › database.spec.js › Database connection" time="0.014">
</testcase>
</testsuite>
<testsuite name="dekanatAnwesenheit.spec.js" timestamp="1674209512058" hostname="" tests="1" failures="0" skipped="0" time="11.386" errors="0">
<testcase name="go to attendance with dekanat" classname="[chromium] › dekanatAnwesenheit.spec.js › go to attendance with dekanat" time="11.386">
<system-out>
<![CDATA[
[[ATTACHMENT|../test-results/dekanatAnwesenheit-go-to-attendance-with-dekanat-chromium/video.webm]]
]]>
</system-out>
</testcase>
</testsuite>
<testsuite name="dekanatRedirect.spec.js" timestamp="1674209512058" hostname="" tests="2" failures="0" skipped="0" time="11.8" errors="0">
<testcase name="redirections check with dekanat" classname="[chromium] › dekanatRedirect.spec.js › redirections check with dekanat" time="5.738">
<system-out>
<![CDATA[
[[ATTACHMENT|../test-results/dekanatRedirect-redirections-check-with-dekanat-chromium/video.webm]]
]]>
</system-out>
</testcase>
<testcase name="redirections check with dekanat sandwichMenu" classname="[chromium] › dekanatRedirect.spec.js › redirections check with dekanat sandwichMenu" time="6.062">
<system-out>
<![CDATA[
[[ATTACHMENT|../test-results/dekanatRedirect-redirections-check-with-dekanat-sandwichMenu-chromium/video.webm]]
]]>
</system-out>
</testcase>
</testsuite>
<testsuite name="dozentRedirect.spec.js" timestamp="1674209512058" hostname="" tests="2" failures="0" skipped="0" time="6.623" errors="0">
<testcase name="redirections check with dozent" classname="[chromium] › dozentRedirect.spec.js › redirections check with dozent" time="3.372">
<system-out>
<![CDATA[
[[ATTACHMENT|../test-results/dozentRedirect-redirections-check-with-dozent-chromium/video.webm]]
]]>
</system-out>
</testcase>
<testcase name="redirections check with dozent sandwichMenu" classname="[chromium] › dozentRedirect.spec.js › redirections check with dozent sandwichMenu" time="3.251">
<system-out>
<![CDATA[
[[ATTACHMENT|../test-results/dozentRedirect-redirections-check-with-dozent-sandwichMenu-chromium/video.webm]]
]]>
</system-out>
</testcase>
</testsuite>
<testsuite name="loginAccounts.spec.js" timestamp="1674209512058" hostname="" tests="3" failures="0" skipped="0" time="12.783" errors="0">
<testcase name="login with student test account" classname="[chromium] › loginAccounts.spec.js › login with student test account" time="3.806">
<system-out>
<![CDATA[
[[ATTACHMENT|../test-results/loginAccounts-login-with-student-test-account-chromium/video.webm]]
]]>
</system-out>
</testcase>
<testcase name="login with dozent test account" classname="[chromium] › loginAccounts.spec.js › login with dozent test account" time="4.113">
<system-out>
<![CDATA[
[[ATTACHMENT|../test-results/loginAccounts-login-with-dozent-test-account-chromium/video.webm]]
]]>
</system-out>
</testcase>
<testcase name="login with dekanat test account" classname="[chromium] › loginAccounts.spec.js › login with dekanat test account" time="4.864">
<system-out>
<![CDATA[
[[ATTACHMENT|../test-results/loginAccounts-login-with-dekanat-test-account-chromium/video.webm]]
]]>
</system-out>
</testcase>
</testsuite>
<testsuite name="loginPage.spec.js" timestamp="1674209512058" hostname="" tests="3" failures="0" skipped="0" time="9.302" errors="0">
<testcase name="navbar contains title, logo and links to intro page" classname="[chromium] › loginPage.spec.js › navbar contains title, logo and links to intro page" time="1.691">
<system-out>
<![CDATA[
[[ATTACHMENT|../test-results/loginPage-navbar-contains-title-logo-and-links-to-intro-page-chromium/video.webm]]
]]>
</system-out>
</testcase>
<testcase name="footer contains correct text and links to corresponding pages" classname="[chromium] › loginPage.spec.js › footer contains correct text and links to corresponding pages" time="3.099">
<system-out>
<![CDATA[
[[ATTACHMENT|../test-results/loginPage-footer-contains-correct-text-and-links-to-corresponding-pages-chromium/video.webm]]
]]>
</system-out>
</testcase>
<testcase name="login window contains all components" classname="[chromium] › loginPage.spec.js › login window contains all components" time="4.512">
<system-out>
<![CDATA[
[[ATTACHMENT|../test-results/loginPage-login-window-contains-all-components-chromium/video.webm]]
]]>
</system-out>
</testcase>
</testsuite>
<testsuite name="studentRedirect.spec.js" timestamp="1674209512058" hostname="" tests="2" failures="0" skipped="0" time="9.197" errors="0">
<testcase name="redirections check with student" classname="[chromium] › studentRedirect.spec.js › redirections check with student" time="4.358">
<system-out>
<![CDATA[
[[ATTACHMENT|../test-results/studentRedirect-redirections-check-with-student-chromium/video.webm]]
]]>
</system-out>
</testcase>
<testcase name="redirections check with student sandwichMenu" classname="[chromium] › studentRedirect.spec.js › redirections check with student sandwichMenu" time="4.839">
<system-out>
<![CDATA[
[[ATTACHMENT|../test-results/studentRedirect-redirections-check-with-student-sandwichMenu-chromium/video.webm]]
]]>
</system-out>
</testcase>
</testsuite>
<testsuite name="csvUpload.spec.js" timestamp="1674209512058" hostname="" tests="1" failures="0" skipped="0" time="8.525" errors="0">
<testcase name="csvUpload" classname="[firefox] › csvUpload.spec.js › csvUpload" time="8.525">
<system-out>
<![CDATA[
[[ATTACHMENT|../test-results/csvUpload-csvUpload-firefox/video.webm]]
]]>
</system-out>
</testcase>
</testsuite>
<testsuite name="database.spec.js" timestamp="1674209512058" hostname="" tests="1" failures="0" skipped="0" time="0.013" errors="0">
<testcase name="Database connection" classname="[firefox] › database.spec.js › Database connection" time="0.013">
</testcase>
</testsuite>
<testsuite name="dekanatAnwesenheit.spec.js" timestamp="1674209512058" hostname="" tests="1" failures="0" skipped="0" time="12.068" errors="0">
<testcase name="go to attendance with dekanat" classname="[firefox] › dekanatAnwesenheit.spec.js › go to attendance with dekanat" time="12.068">
<system-out>
<![CDATA[
[[ATTACHMENT|../test-results/dekanatAnwesenheit-go-to-attendance-with-dekanat-firefox/video.webm]]
]]>
</system-out>
</testcase>
</testsuite>
<testsuite name="dekanatRedirect.spec.js" timestamp="1674209512058" hostname="" tests="2" failures="0" skipped="0" time="16.812" errors="0">
<testcase name="redirections check with dekanat" classname="[firefox] › dekanatRedirect.spec.js › redirections check with dekanat" time="8.729">
<system-out>
<![CDATA[
[[ATTACHMENT|../test-results/dekanatRedirect-redirections-check-with-dekanat-firefox/video.webm]]
]]>
</system-out>
</testcase>
<testcase name="redirections check with dekanat sandwichMenu" classname="[firefox] › dekanatRedirect.spec.js › redirections check with dekanat sandwichMenu" time="8.083">
<system-out>
<![CDATA[
[[ATTACHMENT|../test-results/dekanatRedirect-redirections-check-with-dekanat-sandwichMenu-firefox/video.webm]]
]]>
</system-out>
</testcase>
</testsuite>
<testsuite name="dozentRedirect.spec.js" timestamp="1674209512058" hostname="" tests="2" failures="0" skipped="0" time="6.754" errors="0">
<testcase name="redirections check with dozent" classname="[firefox] › dozentRedirect.spec.js › redirections check with dozent" time="3.589">
<system-out>
<![CDATA[
[[ATTACHMENT|../test-results/dozentRedirect-redirections-check-with-dozent-firefox/video.webm]]
]]>
</system-out>
</testcase>
<testcase name="redirections check with dozent sandwichMenu" classname="[firefox] › dozentRedirect.spec.js › redirections check with dozent sandwichMenu" time="3.165">
<system-out>
<![CDATA[
[[ATTACHMENT|../test-results/dozentRedirect-redirections-check-with-dozent-sandwichMenu-firefox/video.webm]]
]]>
</system-out>
</testcase>
</testsuite>
<testsuite name="loginAccounts.spec.js" timestamp="1674209512058" hostname="" tests="3" failures="0" skipped="0" time="11.145" errors="0">
<testcase name="login with student test account" classname="[firefox] › loginAccounts.spec.js › login with student test account" time="3.711">
<system-out>
<![CDATA[
[[ATTACHMENT|../test-results/loginAccounts-login-with-student-test-account-firefox/video.webm]]
]]>
</system-out>
</testcase>
<testcase name="login with dozent test account" classname="[firefox] › loginAccounts.spec.js › login with dozent test account" time="3.716">
<system-out>
<![CDATA[
[[ATTACHMENT|../test-results/loginAccounts-login-with-dozent-test-account-firefox/video.webm]]
]]>
</system-out>
</testcase>
<testcase name="login with dekanat test account" classname="[firefox] › loginAccounts.spec.js › login with dekanat test account" time="3.718">
<system-out>
<![CDATA[
[[ATTACHMENT|../test-results/loginAccounts-login-with-dekanat-test-account-firefox/video.webm]]
]]>
</system-out>
</testcase>
</testsuite>
<testsuite name="loginPage.spec.js" timestamp="1674209512058" hostname="" tests="3" failures="0" skipped="0" time="7.817" errors="0">
<testcase name="navbar contains title, logo and links to intro page" classname="[firefox] › loginPage.spec.js › navbar contains title, logo and links to intro page" time="1.622">
<system-out>
<![CDATA[
[[ATTACHMENT|../test-results/loginPage-navbar-contains-title-logo-and-links-to-intro-page-firefox/video.webm]]
]]>
</system-out>
</testcase>
<testcase name="footer contains correct text and links to corresponding pages" classname="[firefox] › loginPage.spec.js › footer contains correct text and links to corresponding pages" time="2.407">
<system-out>
<![CDATA[
[[ATTACHMENT|../test-results/loginPage-footer-contains-correct-text-and-links-to-corresponding-pages-firefox/video.webm]]
]]>
</system-out>
</testcase>
<testcase name="login window contains all components" classname="[firefox] › loginPage.spec.js › login window contains all components" time="3.788">
<system-out>
<![CDATA[
[[ATTACHMENT|../test-results/loginPage-login-window-contains-all-components-firefox/video.webm]]
]]>
</system-out>
</testcase>
</testsuite>
<testsuite name="studentRedirect.spec.js" timestamp="1674209512058" hostname="" tests="2" failures="0" skipped="0" time="8.665" errors="0">
<testcase name="redirections check with student" classname="[firefox] › studentRedirect.spec.js › redirections check with student" time="3.936">
<system-out>
<![CDATA[
[[ATTACHMENT|../test-results/studentRedirect-redirections-check-with-student-firefox/video.webm]]
]]>
</system-out>
</testcase>
<testcase name="redirections check with student sandwichMenu" classname="[firefox] › studentRedirect.spec.js › redirections check with student sandwichMenu" time="4.729">
<system-out>
<![CDATA[
[[ATTACHMENT|../test-results/studentRedirect-redirections-check-with-student-sandwichMenu-firefox/video.webm]]
]]>
</system-out>
</testcase>
</testsuite>
<testsuite name="csvUpload.spec.js" timestamp="1674209512058" hostname="" tests="1" failures="0" skipped="0" time="7.094" errors="0">
<testcase name="csvUpload" classname="[webkit] › csvUpload.spec.js › csvUpload" time="7.094">
<system-out>
<![CDATA[
[[ATTACHMENT|../test-results/csvUpload-csvUpload-webkit/video.webm]]
]]>
</system-out>
</testcase>
</testsuite>
<testsuite name="database.spec.js" timestamp="1674209512058" hostname="" tests="1" failures="0" skipped="0" time="0.011" errors="0">
<testcase name="Database connection" classname="[webkit] › database.spec.js › Database connection" time="0.011">
</testcase>
</testsuite>
<testsuite name="dekanatAnwesenheit.spec.js" timestamp="1674209512058" hostname="" tests="1" failures="0" skipped="0" time="12.701" errors="0">
<testcase name="go to attendance with dekanat" classname="[webkit] › dekanatAnwesenheit.spec.js › go to attendance with dekanat" time="12.701">
<system-out>
<![CDATA[
[[ATTACHMENT|../test-results/dekanatAnwesenheit-go-to-attendance-with-dekanat-webkit/video.webm]]
]]>
</system-out>
</testcase>
</testsuite>
<testsuite name="dekanatRedirect.spec.js" timestamp="1674209512058" hostname="" tests="2" failures="0" skipped="0" time="13.202" errors="0">
<testcase name="redirections check with dekanat" classname="[webkit] › dekanatRedirect.spec.js › redirections check with dekanat" time="6.238">
<system-out>
<![CDATA[
[[ATTACHMENT|../test-results/dekanatRedirect-redirections-check-with-dekanat-webkit/video.webm]]
]]>
</system-out>
</testcase>
<testcase name="redirections check with dekanat sandwichMenu" classname="[webkit] › dekanatRedirect.spec.js › redirections check with dekanat sandwichMenu" time="6.964">
<system-out>
<![CDATA[
[[ATTACHMENT|../test-results/dekanatRedirect-redirections-check-with-dekanat-sandwichMenu-webkit/video.webm]]
]]>
</system-out>
</testcase>
</testsuite>
<testsuite name="dozentRedirect.spec.js" timestamp="1674209512058" hostname="" tests="2" failures="0" skipped="0" time="6.711" errors="0">
<testcase name="redirections check with dozent" classname="[webkit] › dozentRedirect.spec.js › redirections check with dozent" time="3.292">
<system-out>
<![CDATA[
[[ATTACHMENT|../test-results/dozentRedirect-redirections-check-with-dozent-webkit/video.webm]]
]]>
</system-out>
</testcase>
<testcase name="redirections check with dozent sandwichMenu" classname="[webkit] › dozentRedirect.spec.js › redirections check with dozent sandwichMenu" time="3.419">
<system-out>
<![CDATA[
[[ATTACHMENT|../test-results/dozentRedirect-redirections-check-with-dozent-sandwichMenu-webkit/video.webm]]
]]>
</system-out>
</testcase>
</testsuite>
<testsuite name="loginAccounts.spec.js" timestamp="1674209512058" hostname="" tests="3" failures="0" skipped="0" time="11.289" errors="0">
<testcase name="login with student test account" classname="[webkit] › loginAccounts.spec.js › login with student test account" time="3.787">
<system-out>
<![CDATA[
[[ATTACHMENT|../test-results/loginAccounts-login-with-student-test-account-webkit/video.webm]]
]]>
</system-out>
</testcase>
<testcase name="login with dozent test account" classname="[webkit] › loginAccounts.spec.js › login with dozent test account" time="3.668">
<system-out>
<![CDATA[
[[ATTACHMENT|../test-results/loginAccounts-login-with-dozent-test-account-webkit/video.webm]]
]]>
</system-out>
</testcase>
<testcase name="login with dekanat test account" classname="[webkit] › loginAccounts.spec.js › login with dekanat test account" time="3.834">
<system-out>
<![CDATA[
[[ATTACHMENT|../test-results/loginAccounts-login-with-dekanat-test-account-webkit/video.webm]]
]]>
</system-out>
</testcase>
</testsuite>
<testsuite name="loginPage.spec.js" timestamp="1674209512058" hostname="" tests="3" failures="0" skipped="0" time="7.636" errors="0">
<testcase name="navbar contains title, logo and links to intro page" classname="[webkit] › loginPage.spec.js › navbar contains title, logo and links to intro page" time="1.631">
<system-out>
<![CDATA[
[[ATTACHMENT|../test-results/loginPage-navbar-contains-title-logo-and-links-to-intro-page-webkit/video.webm]]
]]>
</system-out>
</testcase>
<testcase name="footer contains correct text and links to corresponding pages" classname="[webkit] › loginPage.spec.js › footer contains correct text and links to corresponding pages" time="2.035">
<system-out>
<![CDATA[
[[ATTACHMENT|../test-results/loginPage-footer-contains-correct-text-and-links-to-corresponding-pages-webkit/video.webm]]
]]>
</system-out>
</testcase>
<testcase name="login window contains all components" classname="[webkit] › loginPage.spec.js › login window contains all components" time="3.97">
<system-out>
<![CDATA[
[[ATTACHMENT|../test-results/loginPage-login-window-contains-all-components-webkit/video.webm]]
]]>
</system-out>
</testcase>
</testsuite>
<testsuite name="studentRedirect.spec.js" timestamp="1674209512058" hostname="" tests="2" failures="0" skipped="0" time="8.502" errors="0">
<testcase name="redirections check with student" classname="[webkit] › studentRedirect.spec.js › redirections check with student" time="3.862">
<system-out>
<![CDATA[
[[ATTACHMENT|../test-results/studentRedirect-redirections-check-with-student-webkit/video.webm]]
]]>
</system-out>
</testcase>
<testcase name="redirections check with student sandwichMenu" classname="[webkit] › studentRedirect.spec.js › redirections check with student sandwichMenu" time="4.64">
<system-out>
<![CDATA[
[[ATTACHMENT|../test-results/studentRedirect-redirections-check-with-student-sandwichMenu-webkit/video.webm]]
]]>
</system-out>
</testcase>
</testsuite>
</testsuites>