<testsuites id="" name="" tests="42" failures="0" skipped="0" errors="0" time="17.99501600000262">
<testsuite name="example.spec.js" timestamp="1671100876942" hostname="" tests="14" failures="0" skipped="0" time="19.025" errors="0">
<testcase name="navbar contains title, logo and links to intro page" classname="[chromium] › example.spec.js › navbar contains title, logo and links to intro page" time="1.529">
</testcase>
<testcase name="footer contains correct text and links to corresponding pages" classname="[chromium] › example.spec.js › footer contains correct text and links to corresponding pages" time="1.925">
</testcase>
<testcase name="login-form is correctly displayed for students, teachers and admins  " classname="[chromium] › example.spec.js › login-form is correctly displayed for students, teachers and admins  " time="1.725">
</testcase>
<testcase name="student login-form contains all the elements and link to the right page" classname="[chromium] › example.spec.js › student login-form contains all the elements and link to the right page" time="1.864">
</testcase>
<testcase name="teacher login-form contains all the elements and link to the right page" classname="[chromium] › example.spec.js › teacher login-form contains all the elements and link to the right page" time="1.521">
</testcase>
<testcase name="admin login-form contains all the elements and link to the right page" classname="[chromium] › example.spec.js › admin login-form contains all the elements and link to the right page" time="1.296">
</testcase>
<testcase name="student dashboard navbar contains title, logo and links to intro page" classname="[chromium] › example.spec.js › student dashboard navbar contains title, logo and links to intro page" time="0.932">
</testcase>
<testcase name="student dashboard contains the right text and links to the corresponding pages" classname="[chromium] › example.spec.js › student dashboard contains the right text and links to the corresponding pages" time="1.276">
</testcase>
<testcase name="student dashboard footer contains the right text and links to the corresponding pages" classname="[chromium] › example.spec.js › student dashboard footer contains the right text and links to the corresponding pages" time="1.277">
</testcase>
<testcase name="teacher dashboard navbar contains title, logo and links to intro page" classname="[chromium] › example.spec.js › teacher dashboard navbar contains title, logo and links to intro page" time="0.818">
</testcase>
<testcase name="teacher dashboard contains the right text and links to the corresponding pages" classname="[chromium] › example.spec.js › teacher dashboard contains the right text and links to the corresponding pages" time="1.121">
</testcase>
<testcase name="teacher dashboard footer contains the right text and links to the corresponding pages" classname="[chromium] › example.spec.js › teacher dashboard footer contains the right text and links to the corresponding pages" time="1.25">
</testcase>
<testcase name="admin dashboard navbar contains title, logo and links to intro page" classname="[chromium] › example.spec.js › admin dashboard navbar contains title, logo and links to intro page" time="0.903">
</testcase>
<testcase name="admin dashboard contains the right text and links to the corresponding pages" classname="[chromium] › example.spec.js › admin dashboard contains the right text and links to the corresponding pages" time="1.588">
</testcase>
</testsuite>
<testsuite name="example.spec.js" timestamp="1671100876942" hostname="" tests="14" failures="0" skipped="0" time="26.139" errors="0">
<testcase name="navbar contains title, logo and links to intro page" classname="[firefox] › example.spec.js › navbar contains title, logo and links to intro page" time="2.147">
</testcase>
<testcase name="footer contains correct text and links to corresponding pages" classname="[firefox] › example.spec.js › footer contains correct text and links to corresponding pages" time="2.774">
</testcase>
<testcase name="login-form is correctly displayed for students, teachers and admins  " classname="[firefox] › example.spec.js › login-form is correctly displayed for students, teachers and admins  " time="2.174">
</testcase>
<testcase name="student login-form contains all the elements and link to the right page" classname="[firefox] › example.spec.js › student login-form contains all the elements and link to the right page" time="2.857">
</testcase>
<testcase name="teacher login-form contains all the elements and link to the right page" classname="[firefox] › example.spec.js › teacher login-form contains all the elements and link to the right page" time="1.713">
</testcase>
<testcase name="admin login-form contains all the elements and link to the right page" classname="[firefox] › example.spec.js › admin login-form contains all the elements and link to the right page" time="1.684">
</testcase>
<testcase name="student dashboard navbar contains title, logo and links to intro page" classname="[firefox] › example.spec.js › student dashboard navbar contains title, logo and links to intro page" time="1.131">
</testcase>
<testcase name="student dashboard contains the right text and links to the corresponding pages" classname="[firefox] › example.spec.js › student dashboard contains the right text and links to the corresponding pages" time="1.507">
</testcase>
<testcase name="student dashboard footer contains the right text and links to the corresponding pages" classname="[firefox] › example.spec.js › student dashboard footer contains the right text and links to the corresponding pages" time="1.851">
</testcase>
<testcase name="teacher dashboard navbar contains title, logo and links to intro page" classname="[firefox] › example.spec.js › teacher dashboard navbar contains title, logo and links to intro page" time="1.01">
</testcase>
<testcase name="teacher dashboard contains the right text and links to the corresponding pages" classname="[firefox] › example.spec.js › teacher dashboard contains the right text and links to the corresponding pages" time="2.486">
</testcase>
<testcase name="teacher dashboard footer contains the right text and links to the corresponding pages" classname="[firefox] › example.spec.js › teacher dashboard footer contains the right text and links to the corresponding pages" time="1.824">
</testcase>
<testcase name="admin dashboard navbar contains title, logo and links to intro page" classname="[firefox] › example.spec.js › admin dashboard navbar contains title, logo and links to intro page" time="1.109">
</testcase>
<testcase name="admin dashboard contains the right text and links to the corresponding pages" classname="[firefox] › example.spec.js › admin dashboard contains the right text and links to the corresponding pages" time="1.872">
</testcase>
</testsuite>
<testsuite name="example.spec.js" timestamp="1671100876942" hostname="" tests="14" failures="0" skipped="0" time="15.554" errors="0">
<testcase name="navbar contains title, logo and links to intro page" classname="[webkit] › example.spec.js › navbar contains title, logo and links to intro page" time="1.015">
</testcase>
<testcase name="footer contains correct text and links to corresponding pages" classname="[webkit] › example.spec.js › footer contains correct text and links to corresponding pages" time="1.293">
</testcase>
<testcase name="login-form is correctly displayed for students, teachers and admins  " classname="[webkit] › example.spec.js › login-form is correctly displayed for students, teachers and admins  " time="0.81">
</testcase>
<testcase name="student login-form contains all the elements and link to the right page" classname="[webkit] › example.spec.js › student login-form contains all the elements and link to the right page" time="1.529">
</testcase>
<testcase name="teacher login-form contains all the elements and link to the right page" classname="[webkit] › example.spec.js › teacher login-form contains all the elements and link to the right page" time="1.329">
</testcase>
<testcase name="admin login-form contains all the elements and link to the right page" classname="[webkit] › example.spec.js › admin login-form contains all the elements and link to the right page" time="1.435">
</testcase>
<testcase name="student dashboard navbar contains title, logo and links to intro page" classname="[webkit] › example.spec.js › student dashboard navbar contains title, logo and links to intro page" time="0.836">
</testcase>
<testcase name="student dashboard contains the right text and links to the corresponding pages" classname="[webkit] › example.spec.js › student dashboard contains the right text and links to the corresponding pages" time="1.125">
</testcase>
<testcase name="student dashboard footer contains the right text and links to the corresponding pages" classname="[webkit] › example.spec.js › student dashboard footer contains the right text and links to the corresponding pages" time="1.141">
</testcase>
<testcase name="teacher dashboard navbar contains title, logo and links to intro page" classname="[webkit] › example.spec.js › teacher dashboard navbar contains title, logo and links to intro page" time="0.767">
</testcase>
<testcase name="teacher dashboard contains the right text and links to the corresponding pages" classname="[webkit] › example.spec.js › teacher dashboard contains the right text and links to the corresponding pages" time="1.462">
</testcase>
<testcase name="teacher dashboard footer contains the right text and links to the corresponding pages" classname="[webkit] › example.spec.js › teacher dashboard footer contains the right text and links to the corresponding pages" time="1.02">
</testcase>
<testcase name="admin dashboard navbar contains title, logo and links to intro page" classname="[webkit] › example.spec.js › admin dashboard navbar contains title, logo and links to intro page" time="0.715">
</testcase>
<testcase name="admin dashboard contains the right text and links to the corresponding pages" classname="[webkit] › example.spec.js › admin dashboard contains the right text and links to the corresponding pages" time="1.077">
</testcase>
</testsuite>
</testsuites>