<testsuites id="" name="" tests="2" failures="0" skipped="0" errors="0" time="43.299665000006556">
<testsuite name="dekanatAnwesenheit.spec.js" timestamp="1673608978235" hostname="" tests="1" failures="0" skipped="0" time="20.108" errors="0">
<testcase name="go to attendance with dekanat" classname="[chromium] › dekanatAnwesenheit.spec.js › go to attendance with dekanat" time="20.108">
<system-out>
<![CDATA[
[[ATTACHMENT|../test-results/dekanatAnwesenheit-go-to-attendance-with-dekanat-chromium/video.webm]]
]]>
</system-out>
</testcase>
</testsuite>
<testsuite name="dekanatAnwesenheit.spec.js" timestamp="1673608978235" hostname="" tests="1" failures="0" skipped="0" time="18.475" errors="0">
<testcase name="go to attendance with dekanat" classname="[firefox] › dekanatAnwesenheit.spec.js › go to attendance with dekanat" time="18.475">
<system-out>
<![CDATA[
[[ATTACHMENT|../test-results/dekanatAnwesenheit-go-to-attendance-with-dekanat-firefox/video.webm]]
]]>
</system-out>
</testcase>
</testsuite>
</testsuites>