<testsuites id="" name="" tests="24" failures="0" skipped="0" errors="0" time="10.796918999999761">
<testsuite name="example.spec.js" timestamp="1671099076815" hostname="" tests="8" failures="0" skipped="0" time="11.429" errors="0">
<testcase name="navbar contains title, logo and links to intro page" classname="[chromium] › example.spec.js › navbar contains title, logo and links to intro page" time="1.504">
</testcase>
<testcase name="footer contains correct text and links to corresponding pages" classname="[chromium] › example.spec.js › footer contains correct text and links to corresponding pages" time="1.797">
</testcase>
<testcase name="login-form is correctly displayed for students, teachers and admins  " classname="[chromium] › example.spec.js › login-form is correctly displayed for students, teachers and admins  " time="1.503">
</testcase>
<testcase name="student login-form contains all the elements" classname="[chromium] › example.spec.js › student login-form contains all the elements" time="1.571">
</testcase>
<testcase name="teacher login-form contains all the elements" classname="[chromium] › example.spec.js › teacher login-form contains all the elements" time="1.397">
</testcase>
<testcase name="admin login-form contains all the elements" classname="[chromium] › example.spec.js › admin login-form contains all the elements" time="1.518">
</testcase>
<testcase name="student dashboard navbar contains title, logo and links to intro page" classname="[chromium] › example.spec.js › student dashboard navbar contains title, logo and links to intro page" time="1.02">
</testcase>
<testcase name="student dashboard contains the right text and links to the corresponding pages" classname="[chromium] › example.spec.js › student dashboard contains the right text and links to the corresponding pages" time="1.119">
</testcase>
</testsuite>
<testsuite name="example.spec.js" timestamp="1671099076815" hostname="" tests="8" failures="0" skipped="0" time="13.357" errors="0">
<testcase name="navbar contains title, logo and links to intro page" classname="[firefox] › example.spec.js › navbar contains title, logo and links to intro page" time="1.941">
</testcase>
<testcase name="footer contains correct text and links to corresponding pages" classname="[firefox] › example.spec.js › footer contains correct text and links to corresponding pages" time="2.335">
</testcase>
<testcase name="login-form is correctly displayed for students, teachers and admins  " classname="[firefox] › example.spec.js › login-form is correctly displayed for students, teachers and admins  " time="1.878">
</testcase>
<testcase name="student login-form contains all the elements" classname="[firefox] › example.spec.js › student login-form contains all the elements" time="2.47">
</testcase>
<testcase name="teacher login-form contains all the elements" classname="[firefox] › example.spec.js › teacher login-form contains all the elements" time="1.34">
</testcase>
<testcase name="admin login-form contains all the elements" classname="[firefox] › example.spec.js › admin login-form contains all the elements" time="1.476">
</testcase>
<testcase name="student dashboard navbar contains title, logo and links to intro page" classname="[firefox] › example.spec.js › student dashboard navbar contains title, logo and links to intro page" time="0.818">
</testcase>
<testcase name="student dashboard contains the right text and links to the corresponding pages" classname="[firefox] › example.spec.js › student dashboard contains the right text and links to the corresponding pages" time="1.099">
</testcase>
</testsuite>
<testsuite name="example.spec.js" timestamp="1671099076815" hostname="" tests="8" failures="0" skipped="0" time="7.406" errors="0">
<testcase name="navbar contains title, logo and links to intro page" classname="[webkit] › example.spec.js › navbar contains title, logo and links to intro page" time="0.908">
</testcase>
<testcase name="footer contains correct text and links to corresponding pages" classname="[webkit] › example.spec.js › footer contains correct text and links to corresponding pages" time="1.308">
</testcase>
<testcase name="login-form is correctly displayed for students, teachers and admins  " classname="[webkit] › example.spec.js › login-form is correctly displayed for students, teachers and admins  " time="0.709">
</testcase>
<testcase name="student login-form contains all the elements" classname="[webkit] › example.spec.js › student login-form contains all the elements" time="0.935">
</testcase>
<testcase name="teacher login-form contains all the elements" classname="[webkit] › example.spec.js › teacher login-form contains all the elements" time="0.926">
</testcase>
<testcase name="admin login-form contains all the elements" classname="[webkit] › example.spec.js › admin login-form contains all the elements" time="0.948">
</testcase>
<testcase name="student dashboard navbar contains title, logo and links to intro page" classname="[webkit] › example.spec.js › student dashboard navbar contains title, logo and links to intro page" time="0.803">
</testcase>
<testcase name="student dashboard contains the right text and links to the corresponding pages" classname="[webkit] › example.spec.js › student dashboard contains the right text and links to the corresponding pages" time="0.869">
</testcase>
</testsuite>
</testsuites>